{"/Users/jeromeklam/GitHub/api-tools/src/json-api/jsonapi.js": {"path":"/Users/jeromeklam/GitHub/api-tools/src/json-api/jsonapi.js","statementMap":{"0":{"start":{"line":16,"column":11},"end":{"line":16,"column":15}},"1":{"start":{"line":17,"column":2},"end":{"line":21,"column":3}},"2":{"start":{"line":18,"column":4},"end":{"line":18,"column":12}},"3":{"start":{"line":20,"column":4},"end":{"line":20,"column":46}},"4":{"start":{"line":22,"column":2},"end":{"line":28,"column":3}},"5":{"start":{"line":41,"column":15},"end":{"line":41,"column":19}},"6":{"start":{"line":42,"column":11},"end":{"line":42,"column":13}},"7":{"start":{"line":43,"column":2},"end":{"line":51,"column":3}},"8":{"start":{"line":44,"column":4},"end":{"line":46,"column":5}},"9":{"start":{"line":45,"column":6},"end":{"line":45,"column":24}},"10":{"start":{"line":47,"column":4},"end":{"line":47,"column":22}},"11":{"start":{"line":48,"column":4},"end":{"line":50,"column":5}},"12":{"start":{"line":49,"column":6},"end":{"line":49,"column":14}},"13":{"start":{"line":53,"column":21},"end":{"line":53,"column":46}},"14":{"start":{"line":54,"column":20},"end":{"line":54,"column":48}},"15":{"start":{"line":55,"column":19},"end":{"line":55,"column":52}},"16":{"start":{"line":56,"column":16},"end":{"line":62,"column":3}},"17":{"start":{"line":63,"column":2},"end":{"line":65,"column":3}},"18":{"start":{"line":64,"column":4},"end":{"line":64,"column":46}},"19":{"start":{"line":66,"column":2},"end":{"line":69,"column":3}},"20":{"start":{"line":67,"column":24},"end":{"line":67,"column":121}},"21":{"start":{"line":67,"column":53},"end":{"line":67,"column":120}},"22":{"start":{"line":67,"column":79},"end":{"line":67,"column":119}},"23":{"start":{"line":68,"column":4},"end":{"line":68,"column":35}},"24":{"start":{"line":70,"column":2},"end":{"line":70,"column":17}},"25":{"start":{"line":77,"column":18},"end":{"line":84,"column":3}},"26":{"start":{"line":85,"column":2},"end":{"line":85,"column":17}},"27":{"start":{"line":92,"column":12},"end":{"line":92,"column":14}},"28":{"start":{"line":93,"column":2},"end":{"line":107,"column":3}},"29":{"start":{"line":94,"column":17},"end":{"line":94,"column":48}},"30":{"start":{"line":95,"column":4},"end":{"line":106,"column":7}},"31":{"start":{"line":96,"column":6},"end":{"line":105,"column":7}},"32":{"start":{"line":97,"column":8},"end":{"line":104,"column":9}},"33":{"start":{"line":98,"column":10},"end":{"line":103,"column":11}},"34":{"start":{"line":99,"column":12},"end":{"line":102,"column":13}},"35":{"start":{"line":100,"column":28},"end":{"line":100,"column":36}},"36":{"start":{"line":101,"column":14},"end":{"line":101,"column":45}},"37":{"start":{"line":108,"column":2},"end":{"line":108,"column":13}},"38":{"start":{"line":115,"column":13},"end":{"line":115,"column":15}},"39":{"start":{"line":116,"column":2},"end":{"line":142,"column":3}},"40":{"start":{"line":117,"column":17},"end":{"line":117,"column":48}},"41":{"start":{"line":118,"column":4},"end":{"line":141,"column":7}},"42":{"start":{"line":119,"column":6},"end":{"line":140,"column":7}},"43":{"start":{"line":120,"column":8},"end":{"line":139,"column":9}},"44":{"start":{"line":121,"column":10},"end":{"line":121,"column":35}},"45":{"start":{"line":122,"column":10},"end":{"line":127,"column":13}},"46":{"start":{"line":123,"column":12},"end":{"line":126,"column":15}},"47":{"start":{"line":128,"column":15},"end":{"line":139,"column":9}},"48":{"start":{"line":129,"column":22},"end":{"line":129,"column":33}},"49":{"start":{"line":130,"column":10},"end":{"line":132,"column":11}},"50":{"start":{"line":131,"column":12},"end":{"line":131,"column":23}},"51":{"start":{"line":133,"column":10},"end":{"line":138,"column":12}},"52":{"start":{"line":143,"column":2},"end":{"line":143,"column":14}},"53":{"start":{"line":150,"column":17},"end":{"line":150,"column":19}},"54":{"start":{"line":151,"column":2},"end":{"line":190,"column":3}},"55":{"start":{"line":152,"column":17},"end":{"line":152,"column":48}},"56":{"start":{"line":153,"column":4},"end":{"line":189,"column":7}},"57":{"start":{"line":154,"column":6},"end":{"line":188,"column":7}},"58":{"start":{"line":155,"column":8},"end":{"line":187,"column":9}},"59":{"start":{"line":156,"column":10},"end":{"line":171,"column":13}},"60":{"start":{"line":157,"column":25},"end":{"line":157,"column":94}},"61":{"start":{"line":157,"column":51},"end":{"line":157,"column":93}},"62":{"start":{"line":159,"column":12},"end":{"line":170,"column":13}},"63":{"start":{"line":160,"column":14},"end":{"line":160,"column":62}},"64":{"start":{"line":161,"column":27},"end":{"line":161,"column":64}},"65":{"start":{"line":162,"column":14},"end":{"line":165,"column":15}},"66":{"start":{"line":163,"column":16},"end":{"line":163,"column":58}},"67":{"start":{"line":164,"column":16},"end":{"line":164,"column":37}},"68":{"start":{"line":167,"column":14},"end":{"line":169,"column":15}},"69":{"start":{"line":168,"column":16},"end":{"line":168,"column":41}},"70":{"start":{"line":172,"column":15},"end":{"line":187,"column":9}},"71":{"start":{"line":173,"column":23},"end":{"line":173,"column":100}},"72":{"start":{"line":173,"column":49},"end":{"line":173,"column":99}},"73":{"start":{"line":175,"column":10},"end":{"line":186,"column":11}},"74":{"start":{"line":176,"column":12},"end":{"line":176,"column":68}},"75":{"start":{"line":177,"column":25},"end":{"line":177,"column":70}},"76":{"start":{"line":178,"column":12},"end":{"line":181,"column":13}},"77":{"start":{"line":179,"column":14},"end":{"line":179,"column":56}},"78":{"start":{"line":180,"column":14},"end":{"line":180,"column":35}},"79":{"start":{"line":183,"column":12},"end":{"line":185,"column":13}},"80":{"start":{"line":184,"column":14},"end":{"line":184,"column":39}},"81":{"start":{"line":191,"column":2},"end":{"line":191,"column":18}},"82":{"start":{"line":198,"column":29},"end":{"line":198,"column":53}},"83":{"start":{"line":199,"column":16},"end":{"line":199,"column":18}},"84":{"start":{"line":200,"column":2},"end":{"line":200,"column":46}},"85":{"start":{"line":201,"column":2},"end":{"line":201,"column":17}}},"fnMap":{"0":{"name":"getNewJsonApi","decl":{"start":{"line":15,"column":16},"end":{"line":15,"column":29}},"loc":{"start":{"line":15,"column":68},"end":{"line":29,"column":null}}},"1":{"name":"getJsonApi","decl":{"start":{"line":40,"column":16},"end":{"line":40,"column":26}},"loc":{"start":{"line":40,"column":60},"end":{"line":71,"column":1}}},"2":{"name":"(anonymous_2)","decl":{"start":{"line":67,"column":40},"end":{"line":67,"column":41}},"loc":{"start":{"line":67,"column":53},"end":{"line":67,"column":120}}},"3":{"name":"(anonymous_3)","decl":{"start":{"line":67,"column":71},"end":{"line":67,"column":75}},"loc":{"start":{"line":67,"column":79},"end":{"line":67,"column":119}}},"4":{"name":"getJsonApiWithRelationships","decl":{"start":{"line":76,"column":16},"end":{"line":76,"column":43}},"loc":{"start":{"line":76,"column":87},"end":{"line":86,"column":1}}},"5":{"name":"getJsonApiAttributes","decl":{"start":{"line":91,"column":9},"end":{"line":91,"column":29}},"loc":{"start":{"line":91,"column":35},"end":{"line":109,"column":1}}},"6":{"name":"(anonymous_6)","decl":{"start":{"line":95,"column":17},"end":{"line":95,"column":18}},"loc":{"start":{"line":95,"column":26},"end":{"line":106,"column":5}}},"7":{"name":"getJsonApiRelationships","decl":{"start":{"line":114,"column":9},"end":{"line":114,"column":32}},"loc":{"start":{"line":114,"column":53},"end":{"line":144,"column":1}}},"8":{"name":"(anonymous_8)","decl":{"start":{"line":118,"column":17},"end":{"line":118,"column":18}},"loc":{"start":{"line":118,"column":26},"end":{"line":141,"column":5}}},"9":{"name":"(anonymous_9)","decl":{"start":{"line":122,"column":27},"end":{"line":122,"column":28}},"loc":{"start":{"line":122,"column":37},"end":{"line":127,"column":11}}},"10":{"name":"getJsonApiIncluded","decl":{"start":{"line":149,"column":9},"end":{"line":149,"column":27}},"loc":{"start":{"line":149,"column":63},"end":{"line":192,"column":1}}},"11":{"name":"(anonymous_11)","decl":{"start":{"line":153,"column":17},"end":{"line":153,"column":18}},"loc":{"start":{"line":153,"column":26},"end":{"line":189,"column":5}}},"12":{"name":"(anonymous_12)","decl":{"start":{"line":156,"column":27},"end":{"line":156,"column":28}},"loc":{"start":{"line":156,"column":37},"end":{"line":171,"column":11}}},"13":{"name":"(anonymous_13)","decl":{"start":{"line":157,"column":44},"end":{"line":157,"column":47}},"loc":{"start":{"line":157,"column":51},"end":{"line":157,"column":93}}},"14":{"name":"(anonymous_14)","decl":{"start":{"line":173,"column":42},"end":{"line":173,"column":45}},"loc":{"start":{"line":173,"column":49},"end":{"line":173,"column":99}}},"15":{"name":"addRelationships","decl":{"start":{"line":197,"column":16},"end":{"line":197,"column":32}},"loc":{"start":{"line":197,"column":50},"end":{"line":202,"column":null}}}},"branchMap":{"0":{"loc":{"start":{"line":15,"column":38},"end":{"line":15,"column":47}},"type":"default-arg","locations":[{"start":{"line":15,"column":45},"end":{"line":15,"column":47}}]},"1":{"loc":{"start":{"line":15,"column":49},"end":{"line":15,"column":66}},"type":"default-arg","locations":[{"start":{"line":15,"column":64},"end":{"line":15,"column":66}}]},"2":{"loc":{"start":{"line":17,"column":2},"end":{"line":21,"column":3}},"type":"if","locations":[{"start":{"line":17,"column":2},"end":{"line":21,"column":3}},{"start":{"line":19,"column":9},"end":{"line":21,"column":3}}]},"3":{"loc":{"start":{"line":17,"column":6},"end":{"line":17,"column":43}},"type":"binary-expr","locations":[{"start":{"line":17,"column":6},"end":{"line":17,"column":17}},{"start":{"line":17,"column":21},"end":{"line":17,"column":29}},{"start":{"line":17,"column":33},"end":{"line":17,"column":43}}]},"4":{"loc":{"start":{"line":20,"column":9},"end":{"line":20,"column":45}},"type":"cond-expr","locations":[{"start":{"line":20,"column":23},"end":{"line":20,"column":27}},{"start":{"line":20,"column":30},"end":{"line":20,"column":45}}]},"5":{"loc":{"start":{"line":40,"column":32},"end":{"line":40,"column":43}},"type":"default-arg","locations":[{"start":{"line":40,"column":39},"end":{"line":40,"column":43}}]},"6":{"loc":{"start":{"line":40,"column":45},"end":{"line":40,"column":58}},"type":"default-arg","locations":[{"start":{"line":40,"column":56},"end":{"line":40,"column":58}}]},"7":{"loc":{"start":{"line":43,"column":2},"end":{"line":51,"column":3}},"type":"if","locations":[{"start":{"line":43,"column":2},"end":{"line":51,"column":3}}]},"8":{"loc":{"start":{"line":44,"column":4},"end":{"line":46,"column":5}},"type":"if","locations":[{"start":{"line":44,"column":4},"end":{"line":46,"column":5}}]},"9":{"loc":{"start":{"line":44,"column":8},"end":{"line":44,"column":35}},"type":"binary-expr","locations":[{"start":{"line":44,"column":8},"end":{"line":44,"column":23}},{"start":{"line":44,"column":27},"end":{"line":44,"column":35}}]},"10":{"loc":{"start":{"line":47,"column":9},"end":{"line":47,"column":21}},"type":"binary-expr","locations":[{"start":{"line":47,"column":9},"end":{"line":47,"column":15}},{"start":{"line":47,"column":19},"end":{"line":47,"column":21}}]},"11":{"loc":{"start":{"line":48,"column":4},"end":{"line":50,"column":5}},"type":"if","locations":[{"start":{"line":48,"column":4},"end":{"line":50,"column":5}}]},"12":{"loc":{"start":{"line":63,"column":2},"end":{"line":65,"column":3}},"type":"if","locations":[{"start":{"line":63,"column":2},"end":{"line":65,"column":3}}]},"13":{"loc":{"start":{"line":66,"column":2},"end":{"line":69,"column":3}},"type":"if","locations":[{"start":{"line":66,"column":2},"end":{"line":69,"column":3}}]},"14":{"loc":{"start":{"line":66,"column":6},"end":{"line":66,"column":52}},"type":"binary-expr","locations":[{"start":{"line":66,"column":6},"end":{"line":66,"column":29}},{"start":{"line":66,"column":33},"end":{"line":66,"column":52}}]},"15":{"loc":{"start":{"line":67,"column":79},"end":{"line":67,"column":119}},"type":"binary-expr","locations":[{"start":{"line":67,"column":79},"end":{"line":67,"column":99}},{"start":{"line":67,"column":103},"end":{"line":67,"column":119}}]},"16":{"loc":{"start":{"line":93,"column":2},"end":{"line":107,"column":3}},"type":"if","locations":[{"start":{"line":93,"column":2},"end":{"line":107,"column":3}}]},"17":{"loc":{"start":{"line":96,"column":6},"end":{"line":105,"column":7}},"type":"if","locations":[{"start":{"line":96,"column":6},"end":{"line":105,"column":7}}]},"18":{"loc":{"start":{"line":96,"column":10},"end":{"line":96,"column":71}},"type":"binary-expr","locations":[{"start":{"line":96,"column":10},"end":{"line":96,"column":37}},{"start":{"line":96,"column":41},"end":{"line":96,"column":53}},{"start":{"line":96,"column":57},"end":{"line":96,"column":71}}]},"19":{"loc":{"start":{"line":97,"column":8},"end":{"line":104,"column":9}},"type":"if","locations":[{"start":{"line":97,"column":8},"end":{"line":104,"column":9}}]},"20":{"loc":{"start":{"line":98,"column":10},"end":{"line":103,"column":11}},"type":"if","locations":[{"start":{"line":98,"column":10},"end":{"line":103,"column":11}}]},"21":{"loc":{"start":{"line":98,"column":14},"end":{"line":98,"column":59}},"type":"binary-expr","locations":[{"start":{"line":98,"column":14},"end":{"line":98,"column":23}},{"start":{"line":98,"column":28},"end":{"line":98,"column":40}},{"start":{"line":98,"column":44},"end":{"line":98,"column":58}}]},"22":{"loc":{"start":{"line":99,"column":12},"end":{"line":102,"column":13}},"type":"if","locations":[{"start":{"line":99,"column":12},"end":{"line":102,"column":13}}]},"23":{"loc":{"start":{"line":99,"column":16},"end":{"line":99,"column":81}},"type":"binary-expr","locations":[{"start":{"line":99,"column":16},"end":{"line":99,"column":25}},{"start":{"line":99,"column":29},"end":{"line":99,"column":41}},{"start":{"line":99,"column":46},"end":{"line":99,"column":57}},{"start":{"line":99,"column":61},"end":{"line":99,"column":80}}]},"24":{"loc":{"start":{"line":114,"column":38},"end":{"line":114,"column":51}},"type":"default-arg","locations":[{"start":{"line":114,"column":46},"end":{"line":114,"column":51}}]},"25":{"loc":{"start":{"line":116,"column":2},"end":{"line":142,"column":3}},"type":"if","locations":[{"start":{"line":116,"column":2},"end":{"line":142,"column":3}}]},"26":{"loc":{"start":{"line":119,"column":6},"end":{"line":140,"column":7}},"type":"if","locations":[{"start":{"line":119,"column":6},"end":{"line":140,"column":7}}]},"27":{"loc":{"start":{"line":120,"column":8},"end":{"line":139,"column":9}},"type":"if","locations":[{"start":{"line":120,"column":8},"end":{"line":139,"column":9}},{"start":{"line":128,"column":15},"end":{"line":139,"column":9}}]},"28":{"loc":{"start":{"line":128,"column":15},"end":{"line":139,"column":9}},"type":"if","locations":[{"start":{"line":128,"column":15},"end":{"line":139,"column":9}}]},"29":{"loc":{"start":{"line":128,"column":19},"end":{"line":128,"column":111}},"type":"binary-expr","locations":[{"start":{"line":128,"column":19},"end":{"line":128,"column":27}},{"start":{"line":128,"column":31},"end":{"line":128,"column":56}},{"start":{"line":128,"column":60},"end":{"line":128,"column":87}},{"start":{"line":128,"column":91},"end":{"line":128,"column":111}}]},"30":{"loc":{"start":{"line":130,"column":10},"end":{"line":132,"column":11}},"type":"if","locations":[{"start":{"line":130,"column":10},"end":{"line":132,"column":11}}]},"31":{"loc":{"start":{"line":130,"column":14},"end":{"line":130,"column":42}},"type":"binary-expr","locations":[{"start":{"line":130,"column":14},"end":{"line":130,"column":27}},{"start":{"line":130,"column":31},"end":{"line":130,"column":42}}]},"32":{"loc":{"start":{"line":149,"column":33},"end":{"line":149,"column":46}},"type":"default-arg","locations":[{"start":{"line":149,"column":44},"end":{"line":149,"column":46}}]},"33":{"loc":{"start":{"line":149,"column":48},"end":{"line":149,"column":61}},"type":"default-arg","locations":[{"start":{"line":149,"column":56},"end":{"line":149,"column":61}}]},"34":{"loc":{"start":{"line":151,"column":2},"end":{"line":190,"column":3}},"type":"if","locations":[{"start":{"line":151,"column":2},"end":{"line":190,"column":3}}]},"35":{"loc":{"start":{"line":154,"column":6},"end":{"line":188,"column":7}},"type":"if","locations":[{"start":{"line":154,"column":6},"end":{"line":188,"column":7}}]},"36":{"loc":{"start":{"line":155,"column":8},"end":{"line":187,"column":9}},"type":"if","locations":[{"start":{"line":155,"column":8},"end":{"line":187,"column":9}},{"start":{"line":172,"column":15},"end":{"line":187,"column":9}}]},"37":{"loc":{"start":{"line":157,"column":51},"end":{"line":157,"column":93}},"type":"binary-expr","locations":[{"start":{"line":157,"column":51},"end":{"line":157,"column":68}},{"start":{"line":157,"column":72},"end":{"line":157,"column":93}}]},"38":{"loc":{"start":{"line":159,"column":12},"end":{"line":170,"column":13}},"type":"if","locations":[{"start":{"line":159,"column":12},"end":{"line":170,"column":13}}]},"39":{"loc":{"start":{"line":162,"column":14},"end":{"line":165,"column":15}},"type":"if","locations":[{"start":{"line":162,"column":14},"end":{"line":165,"column":15}}]},"40":{"loc":{"start":{"line":167,"column":14},"end":{"line":169,"column":15}},"type":"if","locations":[{"start":{"line":167,"column":14},"end":{"line":169,"column":15}}]},"41":{"loc":{"start":{"line":167,"column":18},"end":{"line":167,"column":95}},"type":"binary-expr","locations":[{"start":{"line":167,"column":18},"end":{"line":167,"column":27}},{"start":{"line":167,"column":31},"end":{"line":167,"column":51}},{"start":{"line":167,"column":55},"end":{"line":167,"column":95}}]},"42":{"loc":{"start":{"line":172,"column":15},"end":{"line":187,"column":9}},"type":"if","locations":[{"start":{"line":172,"column":15},"end":{"line":187,"column":9}}]},"43":{"loc":{"start":{"line":172,"column":19},"end":{"line":172,"column":82}},"type":"binary-expr","locations":[{"start":{"line":172,"column":19},"end":{"line":172,"column":27}},{"start":{"line":172,"column":31},"end":{"line":172,"column":42}},{"start":{"line":172,"column":46},"end":{"line":172,"column":65}},{"start":{"line":172,"column":69},"end":{"line":172,"column":82}}]},"44":{"loc":{"start":{"line":173,"column":49},"end":{"line":173,"column":99}},"type":"binary-expr","locations":[{"start":{"line":173,"column":49},"end":{"line":173,"column":70}},{"start":{"line":173,"column":74},"end":{"line":173,"column":99}}]},"45":{"loc":{"start":{"line":175,"column":10},"end":{"line":186,"column":11}},"type":"if","locations":[{"start":{"line":175,"column":10},"end":{"line":186,"column":11}}]},"46":{"loc":{"start":{"line":178,"column":12},"end":{"line":181,"column":13}},"type":"if","locations":[{"start":{"line":178,"column":12},"end":{"line":181,"column":13}}]},"47":{"loc":{"start":{"line":183,"column":12},"end":{"line":185,"column":13}},"type":"if","locations":[{"start":{"line":183,"column":12},"end":{"line":185,"column":13}}]},"48":{"loc":{"start":{"line":183,"column":16},"end":{"line":183,"column":93}},"type":"binary-expr","locations":[{"start":{"line":183,"column":16},"end":{"line":183,"column":25}},{"start":{"line":183,"column":29},"end":{"line":183,"column":49}},{"start":{"line":183,"column":53},"end":{"line":183,"column":93}}]}},"s":{"0":6,"1":6,"2":3,"3":3,"4":6,"5":6,"6":6,"7":6,"8":5,"9":0,"10":5,"11":5,"12":0,"13":6,"14":6,"15":6,"16":6,"17":6,"18":3,"19":6,"20":1,"21":1,"22":1,"23":1,"24":6,"25":0,"26":0,"27":6,"28":6,"29":5,"30":5,"31":15,"32":7,"33":7,"34":4,"35":4,"36":4,"37":6,"38":6,"39":6,"40":5,"41":5,"42":15,"43":15,"44":0,"45":0,"46":0,"47":15,"48":3,"49":3,"50":1,"51":3,"52":6,"53":6,"54":6,"55":5,"56":5,"57":15,"58":15,"59":0,"60":0,"61":0,"62":0,"63":0,"64":0,"65":0,"66":0,"67":0,"68":0,"69":0,"70":15,"71":2,"72":1,"73":2,"74":1,"75":1,"76":1,"77":0,"78":0,"79":1,"80":1,"81":6,"82":0,"83":0,"84":0,"85":0},"f":{"0":6,"1":6,"2":1,"3":1,"4":0,"5":6,"6":15,"7":6,"8":15,"9":0,"10":6,"11":15,"12":0,"13":0,"14":1,"15":0},"b":{"0":[0],"1":[6],"2":[3,3],"3":[6,5,4],"4":[0,3],"5":[0],"6":[5],"7":[5],"8":[0],"9":[5,0],"10":[5,1],"11":[0],"12":[3],"13":[1],"14":[6,6],"15":[1,1],"16":[5],"17":[7],"18":[15,15,11],"19":[7],"20":[4],"21":[7,7,4],"22":[4],"23":[4,4,0,0],"24":[6],"25":[5],"26":[15],"27":[0,15],"28":[3],"29":[15,15,3,3],"30":[1],"31":[3,2],"32":[0],"33":[6],"34":[5],"35":[15],"36":[0,15],"37":[0,0],"38":[0],"39":[0],"40":[0],"41":[0,0,0],"42":[2],"43":[15,15,3,2],"44":[1,1],"45":[1],"46":[0],"47":[1],"48":[1,1,1]}}
,"/Users/jeromeklam/GitHub/api-tools/src/json-api/model.js": {"path":"/Users/jeromeklam/GitHub/api-tools/src/json-api/model.js","statementMap":{"0":{"start":{"line":16,"column":2},"end":{"line":18,"column":3}},"1":{"start":{"line":17,"column":4},"end":{"line":17,"column":16}},"2":{"start":{"line":19,"column":2},"end":{"line":19,"column":32}},"3":{"start":{"line":30,"column":2},"end":{"line":32,"column":3}},"4":{"start":{"line":31,"column":4},"end":{"line":31,"column":16}},"5":{"start":{"line":33,"column":16},"end":{"line":33,"column":22}},"6":{"start":{"line":34,"column":16},"end":{"line":34,"column":31}},"7":{"start":{"line":35,"column":14},"end":{"line":35,"column":18}},"8":{"start":{"line":36,"column":2},"end":{"line":41,"column":3}},"9":{"start":{"line":37,"column":4},"end":{"line":39,"column":5}},"10":{"start":{"line":38,"column":6},"end":{"line":38,"column":31}},"11":{"start":{"line":40,"column":4},"end":{"line":40,"column":26}},"12":{"start":{"line":42,"column":2},"end":{"line":42,"column":26}},"13":{"start":{"line":55,"column":11},"end":{"line":55,"column":14}},"14":{"start":{"line":56,"column":2},"end":{"line":58,"column":3}},"15":{"start":{"line":57,"column":4},"end":{"line":57,"column":26}},"16":{"start":{"line":59,"column":18},"end":{"line":62,"column":3}},"17":{"start":{"line":63,"column":2},"end":{"line":65,"column":3}},"18":{"start":{"line":64,"column":4},"end":{"line":64,"column":42}},"19":{"start":{"line":66,"column":2},"end":{"line":66,"column":17}},"20":{"start":{"line":77,"column":2},"end":{"line":79,"column":3}},"21":{"start":{"line":78,"column":4},"end":{"line":78,"column":16}},"22":{"start":{"line":80,"column":2},"end":{"line":82,"column":3}},"23":{"start":{"line":81,"column":4},"end":{"line":81,"column":16}},"24":{"start":{"line":83,"column":2},"end":{"line":85,"column":3}},"25":{"start":{"line":84,"column":4},"end":{"line":84,"column":16}},"26":{"start":{"line":86,"column":2},"end":{"line":86,"column":15}},"27":{"start":{"line":101,"column":26},"end":{"line":101,"column":33}},"28":{"start":{"line":102,"column":14},"end":{"line":102,"column":48}},"29":{"start":{"line":103,"column":2},"end":{"line":124,"column":3}},"30":{"start":{"line":104,"column":4},"end":{"line":112,"column":5}},"31":{"start":{"line":105,"column":6},"end":{"line":109,"column":8}},"32":{"start":{"line":107,"column":10},"end":{"line":108,"column":15}},"33":{"start":{"line":110,"column":11},"end":{"line":112,"column":5}},"34":{"start":{"line":111,"column":6},"end":{"line":111,"column":18}},"35":{"start":{"line":113,"column":4},"end":{"line":123,"column":6}},"36":{"start":{"line":125,"column":2},"end":{"line":131,"column":3}},"37":{"start":{"line":126,"column":4},"end":{"line":130,"column":6}},"38":{"start":{"line":128,"column":8},"end":{"line":129,"column":13}},"39":{"start":{"line":132,"column":2},"end":{"line":136,"column":3}},"40":{"start":{"line":133,"column":4},"end":{"line":135,"column":6}},"41":{"start":{"line":137,"column":2},"end":{"line":137,"column":12}},"42":{"start":{"line":162,"column":18},"end":{"line":167,"column":3}},"43":{"start":{"line":168,"column":18},"end":{"line":168,"column":58}},"44":{"start":{"line":169,"column":44},"end":{"line":169,"column":51}},"45":{"start":{"line":170,"column":2},"end":{"line":172,"column":3}},"46":{"start":{"line":171,"column":4},"end":{"line":171,"column":16}},"47":{"start":{"line":173,"column":2},"end":{"line":180,"column":3}},"48":{"start":{"line":174,"column":4},"end":{"line":177,"column":5}},"49":{"start":{"line":175,"column":21},"end":{"line":175,"column":37}},"50":{"start":{"line":176,"column":6},"end":{"line":176,"column":99}},"51":{"start":{"line":176,"column":31},"end":{"line":176,"column":97}},"52":{"start":{"line":178,"column":20},"end":{"line":178,"column":51}},"53":{"start":{"line":179,"column":4},"end":{"line":179,"column":98}},"54":{"start":{"line":179,"column":30},"end":{"line":179,"column":96}},"55":{"start":{"line":181,"column":14},"end":{"line":181,"column":28}},"56":{"start":{"line":182,"column":15},"end":{"line":182,"column":35}},"57":{"start":{"line":183,"column":23},"end":{"line":183,"column":34}},"58":{"start":{"line":184,"column":2},"end":{"line":187,"column":3}},"59":{"start":{"line":185,"column":18},"end":{"line":185,"column":58}},"60":{"start":{"line":186,"column":4},"end":{"line":186,"column":17}},"61":{"start":{"line":188,"column":14},"end":{"line":188,"column":16}},"62":{"start":{"line":189,"column":17},"end":{"line":189,"column":33}},"63":{"start":{"line":190,"column":2},"end":{"line":192,"column":3}},"64":{"start":{"line":191,"column":4},"end":{"line":191,"column":16}},"65":{"start":{"line":193,"column":2},"end":{"line":195,"column":3}},"66":{"start":{"line":194,"column":4},"end":{"line":194,"column":23}},"67":{"start":{"line":196,"column":2},"end":{"line":198,"column":5}},"68":{"start":{"line":197,"column":4},"end":{"line":197,"column":38}},"69":{"start":{"line":199,"column":2},"end":{"line":201,"column":3}},"70":{"start":{"line":200,"column":4},"end":{"line":200,"column":21}},"71":{"start":{"line":202,"column":2},"end":{"line":202,"column":20}},"72":{"start":{"line":203,"column":16},"end":{"line":203,"column":81}},"73":{"start":{"line":203,"column":36},"end":{"line":203,"column":80}},"74":{"start":{"line":204,"column":2},"end":{"line":242,"column":3}},"75":{"start":{"line":205,"column":4},"end":{"line":205,"column":46}},"76":{"start":{"line":206,"column":4},"end":{"line":241,"column":7}},"77":{"start":{"line":207,"column":6},"end":{"line":240,"column":7}},"78":{"start":{"line":208,"column":8},"end":{"line":216,"column":10}},"79":{"start":{"line":218,"column":8},"end":{"line":239,"column":11}},"80":{"start":{"line":220,"column":26},"end":{"line":220,"column":45}},"81":{"start":{"line":221,"column":12},"end":{"line":223,"column":13}},"82":{"start":{"line":222,"column":14},"end":{"line":222,"column":32}},"83":{"start":{"line":224,"column":12},"end":{"line":232,"column":14}},"84":{"start":{"line":233,"column":12},"end":{"line":233,"column":30}},"85":{"start":{"line":236,"column":26},"end":{"line":236,"column":45}},"86":{"start":{"line":237,"column":12},"end":{"line":237,"column":31}},"87":{"start":{"line":243,"column":2},"end":{"line":245,"column":3}},"88":{"start":{"line":244,"column":4},"end":{"line":244,"column":17}},"89":{"start":{"line":246,"column":2},"end":{"line":246,"column":13}},"90":{"start":{"line":258,"column":17},"end":{"line":258,"column":53}},"91":{"start":{"line":259,"column":2},"end":{"line":261,"column":3}},"92":{"start":{"line":260,"column":4},"end":{"line":260,"column":21}},"93":{"start":{"line":262,"column":2},"end":{"line":262,"column":14}}},"fnMap":{"0":{"name":"uniqueId","decl":{"start":{"line":15,"column":16},"end":{"line":15,"column":24}},"loc":{"start":{"line":15,"column":43},"end":{"line":20,"column":1}}},"1":{"name":"setModelValue","decl":{"start":{"line":29,"column":16},"end":{"line":29,"column":29}},"loc":{"start":{"line":29,"column":52},"end":{"line":43,"column":1}}},"2":{"name":"getNewModel","decl":{"start":{"line":54,"column":16},"end":{"line":54,"column":27}},"loc":{"start":{"line":54,"column":58},"end":{"line":67,"column":1}}},"3":{"name":"isEmptyModel","decl":{"start":{"line":76,"column":16},"end":{"line":76,"column":28}},"loc":{"start":{"line":76,"column":37},"end":{"line":87,"column":1}}},"4":{"name":"buildModelRelationship","decl":{"start":{"line":92,"column":9},"end":{"line":92,"column":31}},"loc":{"start":{"line":100,"column":2},"end":{"line":138,"column":1}}},"5":{"name":"(anonymous_5)","decl":{"start":{"line":106,"column":8},"end":{"line":106,"column":9}},"loc":{"start":{"line":107,"column":10},"end":{"line":108,"column":15}}},"6":{"name":"(anonymous_6)","decl":{"start":{"line":127,"column":6},"end":{"line":127,"column":7}},"loc":{"start":{"line":128,"column":8},"end":{"line":129,"column":13}}},"7":{"name":"normalizedObjectModeler","decl":{"start":{"line":153,"column":16},"end":{"line":153,"column":39}},"loc":{"start":{"line":161,"column":2},"end":{"line":247,"column":1}}},"8":{"name":"(anonymous_8)","decl":{"start":{"line":176,"column":24},"end":{"line":176,"column":25}},"loc":{"start":{"line":176,"column":31},"end":{"line":176,"column":97}}},"9":{"name":"(anonymous_9)","decl":{"start":{"line":179,"column":23},"end":{"line":179,"column":24}},"loc":{"start":{"line":179,"column":30},"end":{"line":179,"column":96}}},"10":{"name":"(anonymous_10)","decl":{"start":{"line":196,"column":41},"end":{"line":196,"column":42}},"loc":{"start":{"line":196,"column":50},"end":{"line":198,"column":3}}},"11":{"name":"(anonymous_11)","decl":{"start":{"line":203,"column":26},"end":{"line":203,"column":27}},"loc":{"start":{"line":203,"column":36},"end":{"line":203,"column":80}}},"12":{"name":"(anonymous_12)","decl":{"start":{"line":206,"column":46},"end":{"line":206,"column":47}},"loc":{"start":{"line":206,"column":64},"end":{"line":241,"column":5}}},"13":{"name":"(anonymous_13)","decl":{"start":{"line":219,"column":15},"end":{"line":219,"column":21}},"loc":{"start":{"line":219,"column":21},"end":{"line":234,"column":11}}},"14":{"name":"(anonymous_14)","decl":{"start":{"line":235,"column":15},"end":{"line":235,"column":16}},"loc":{"start":{"line":235,"column":26},"end":{"line":238,"column":11}}},"15":{"name":"normalizedObjectFirstModel","decl":{"start":{"line":257,"column":16},"end":{"line":257,"column":42}},"loc":{"start":{"line":257,"column":56},"end":{"line":263,"column":null}}}},"branchMap":{"0":{"loc":{"start":{"line":16,"column":2},"end":{"line":18,"column":3}},"type":"if","locations":[{"start":{"line":16,"column":2},"end":{"line":18,"column":3}}]},"1":{"loc":{"start":{"line":30,"column":2},"end":{"line":32,"column":3}},"type":"if","locations":[{"start":{"line":30,"column":2},"end":{"line":32,"column":3}}]},"2":{"loc":{"start":{"line":37,"column":4},"end":{"line":39,"column":5}},"type":"if","locations":[{"start":{"line":37,"column":4},"end":{"line":39,"column":5}}]},"3":{"loc":{"start":{"line":54,"column":40},"end":{"line":54,"column":56}},"type":"default-arg","locations":[{"start":{"line":54,"column":54},"end":{"line":54,"column":56}}]},"4":{"loc":{"start":{"line":56,"column":2},"end":{"line":58,"column":3}},"type":"if","locations":[{"start":{"line":56,"column":2},"end":{"line":58,"column":3}}]},"5":{"loc":{"start":{"line":56,"column":6},"end":{"line":56,"column":29}},"type":"binary-expr","locations":[{"start":{"line":56,"column":6},"end":{"line":56,"column":8}},{"start":{"line":56,"column":12},"end":{"line":56,"column":29}}]},"6":{"loc":{"start":{"line":63,"column":2},"end":{"line":65,"column":3}},"type":"if","locations":[{"start":{"line":63,"column":2},"end":{"line":65,"column":3}}]},"7":{"loc":{"start":{"line":77,"column":2},"end":{"line":79,"column":3}},"type":"if","locations":[{"start":{"line":77,"column":2},"end":{"line":79,"column":3}}]},"8":{"loc":{"start":{"line":80,"column":2},"end":{"line":82,"column":3}},"type":"if","locations":[{"start":{"line":80,"column":2},"end":{"line":82,"column":3}}]},"9":{"loc":{"start":{"line":83,"column":2},"end":{"line":85,"column":3}},"type":"if","locations":[{"start":{"line":83,"column":2},"end":{"line":85,"column":3}}]},"10":{"loc":{"start":{"line":83,"column":6},"end":{"line":83,"column":62}},"type":"binary-expr","locations":[{"start":{"line":83,"column":6},"end":{"line":83,"column":22}},{"start":{"line":83,"column":26},"end":{"line":83,"column":41}},{"start":{"line":83,"column":45},"end":{"line":83,"column":62}}]},"11":{"loc":{"start":{"line":98,"column":2},"end":{"line":98,"column":11}},"type":"default-arg","locations":[{"start":{"line":98,"column":10},"end":{"line":98,"column":11}}]},"12":{"loc":{"start":{"line":99,"column":2},"end":{"line":99,"column":11}},"type":"default-arg","locations":[{"start":{"line":99,"column":9},"end":{"line":99,"column":11}}]},"13":{"loc":{"start":{"line":103,"column":2},"end":{"line":124,"column":3}},"type":"if","locations":[{"start":{"line":103,"column":2},"end":{"line":124,"column":3}}]},"14":{"loc":{"start":{"line":104,"column":4},"end":{"line":112,"column":5}},"type":"if","locations":[{"start":{"line":104,"column":4},"end":{"line":112,"column":5}},{"start":{"line":110,"column":11},"end":{"line":112,"column":5}}]},"15":{"loc":{"start":{"line":107,"column":10},"end":{"line":108,"column":15}},"type":"binary-expr","locations":[{"start":{"line":107,"column":10},"end":{"line":107,"column":97}},{"start":{"line":108,"column":10},"end":{"line":108,"column":15}}]},"16":{"loc":{"start":{"line":110,"column":11},"end":{"line":112,"column":5}},"type":"if","locations":[{"start":{"line":110,"column":11},"end":{"line":112,"column":5}}]},"17":{"loc":{"start":{"line":114,"column":6},"end":{"line":122,"column":19}},"type":"binary-expr","locations":[{"start":{"line":114,"column":6},"end":{"line":122,"column":7}},{"start":{"line":122,"column":11},"end":{"line":122,"column":19}}]},"18":{"loc":{"start":{"line":125,"column":2},"end":{"line":131,"column":3}},"type":"if","locations":[{"start":{"line":125,"column":2},"end":{"line":131,"column":3}}]},"19":{"loc":{"start":{"line":128,"column":8},"end":{"line":129,"column":13}},"type":"binary-expr","locations":[{"start":{"line":128,"column":8},"end":{"line":128,"column":95}},{"start":{"line":129,"column":8},"end":{"line":129,"column":13}}]},"20":{"loc":{"start":{"line":132,"column":2},"end":{"line":136,"column":3}},"type":"if","locations":[{"start":{"line":132,"column":2},"end":{"line":136,"column":3}}]},"21":{"loc":{"start":{"line":132,"column":6},"end":{"line":132,"column":31}},"type":"binary-expr","locations":[{"start":{"line":132,"column":6},"end":{"line":132,"column":18}},{"start":{"line":132,"column":22},"end":{"line":132,"column":31}}]},"22":{"loc":{"start":{"line":156,"column":2},"end":{"line":156,"column":12}},"type":"default-arg","locations":[{"start":{"line":156,"column":8},"end":{"line":156,"column":12}}]},"23":{"loc":{"start":{"line":157,"column":2},"end":{"line":157,"column":19}},"type":"default-arg","locations":[{"start":{"line":157,"column":17},"end":{"line":157,"column":19}}]},"24":{"loc":{"start":{"line":158,"column":2},"end":{"line":158,"column":12}},"type":"default-arg","locations":[{"start":{"line":158,"column":10},"end":{"line":158,"column":12}}]},"25":{"loc":{"start":{"line":159,"column":2},"end":{"line":159,"column":11}},"type":"default-arg","locations":[{"start":{"line":159,"column":10},"end":{"line":159,"column":11}}]},"26":{"loc":{"start":{"line":160,"column":2},"end":{"line":160,"column":11}},"type":"default-arg","locations":[{"start":{"line":160,"column":9},"end":{"line":160,"column":11}}]},"27":{"loc":{"start":{"line":170,"column":2},"end":{"line":172,"column":3}},"type":"if","locations":[{"start":{"line":170,"column":2},"end":{"line":172,"column":3}}]},"28":{"loc":{"start":{"line":170,"column":6},"end":{"line":170,"column":27}},"type":"binary-expr","locations":[{"start":{"line":170,"column":6},"end":{"line":170,"column":11}},{"start":{"line":170,"column":15},"end":{"line":170,"column":27}}]},"29":{"loc":{"start":{"line":173,"column":2},"end":{"line":180,"column":3}},"type":"if","locations":[{"start":{"line":173,"column":2},"end":{"line":180,"column":3}}]},"30":{"loc":{"start":{"line":173,"column":6},"end":{"line":173,"column":57}},"type":"binary-expr","locations":[{"start":{"line":173,"column":7},"end":{"line":173,"column":18}},{"start":{"line":173,"column":22},"end":{"line":173,"column":34}},{"start":{"line":173,"column":39},"end":{"line":173,"column":57}}]},"31":{"loc":{"start":{"line":174,"column":4},"end":{"line":177,"column":5}},"type":"if","locations":[{"start":{"line":174,"column":4},"end":{"line":177,"column":5}}]},"32":{"loc":{"start":{"line":178,"column":20},"end":{"line":178,"column":51}},"type":"binary-expr","locations":[{"start":{"line":178,"column":20},"end":{"line":178,"column":23}},{"start":{"line":178,"column":27},"end":{"line":178,"column":51}}]},"33":{"loc":{"start":{"line":184,"column":2},"end":{"line":187,"column":3}},"type":"if","locations":[{"start":{"line":184,"column":2},"end":{"line":187,"column":3}}]},"34":{"loc":{"start":{"line":184,"column":6},"end":{"line":184,"column":27}},"type":"binary-expr","locations":[{"start":{"line":184,"column":6},"end":{"line":184,"column":18}},{"start":{"line":184,"column":22},"end":{"line":184,"column":27}}]},"35":{"loc":{"start":{"line":190,"column":2},"end":{"line":192,"column":3}},"type":"if","locations":[{"start":{"line":190,"column":2},"end":{"line":192,"column":3}}]},"36":{"loc":{"start":{"line":193,"column":2},"end":{"line":195,"column":3}},"type":"if","locations":[{"start":{"line":193,"column":2},"end":{"line":195,"column":3}}]},"37":{"loc":{"start":{"line":193,"column":6},"end":{"line":193,"column":28}},"type":"binary-expr","locations":[{"start":{"line":193,"column":6},"end":{"line":193,"column":15}},{"start":{"line":193,"column":19},"end":{"line":193,"column":28}}]},"38":{"loc":{"start":{"line":199,"column":2},"end":{"line":201,"column":3}},"type":"if","locations":[{"start":{"line":199,"column":2},"end":{"line":201,"column":3}}]},"39":{"loc":{"start":{"line":199,"column":6},"end":{"line":199,"column":30}},"type":"binary-expr","locations":[{"start":{"line":199,"column":6},"end":{"line":199,"column":17}},{"start":{"line":199,"column":21},"end":{"line":199,"column":30}}]},"40":{"loc":{"start":{"line":203,"column":36},"end":{"line":203,"column":80}},"type":"binary-expr","locations":[{"start":{"line":203,"column":36},"end":{"line":203,"column":58}},{"start":{"line":203,"column":62},"end":{"line":203,"column":80}}]},"41":{"loc":{"start":{"line":204,"column":2},"end":{"line":242,"column":3}},"type":"if","locations":[{"start":{"line":204,"column":2},"end":{"line":242,"column":3}}]},"42":{"loc":{"start":{"line":204,"column":6},"end":{"line":204,"column":36}},"type":"binary-expr","locations":[{"start":{"line":204,"column":6},"end":{"line":204,"column":26}},{"start":{"line":204,"column":30},"end":{"line":204,"column":36}}]},"43":{"loc":{"start":{"line":207,"column":6},"end":{"line":240,"column":7}},"type":"if","locations":[{"start":{"line":207,"column":6},"end":{"line":240,"column":7}},{"start":{"line":217,"column":13},"end":{"line":240,"column":7}}]},"44":{"loc":{"start":{"line":221,"column":12},"end":{"line":223,"column":13}},"type":"if","locations":[{"start":{"line":221,"column":12},"end":{"line":223,"column":13}}]},"45":{"loc":{"start":{"line":243,"column":2},"end":{"line":245,"column":3}},"type":"if","locations":[{"start":{"line":243,"column":2},"end":{"line":245,"column":3}}]},"46":{"loc":{"start":{"line":243,"column":6},"end":{"line":243,"column":48}},"type":"binary-expr","locations":[{"start":{"line":243,"column":6},"end":{"line":243,"column":15}},{"start":{"line":243,"column":19},"end":{"line":243,"column":48}}]},"47":{"loc":{"start":{"line":259,"column":2},"end":{"line":261,"column":3}},"type":"if","locations":[{"start":{"line":259,"column":2},"end":{"line":261,"column":3}}]},"48":{"loc":{"start":{"line":259,"column":6},"end":{"line":259,"column":33}},"type":"binary-expr","locations":[{"start":{"line":259,"column":6},"end":{"line":259,"column":12}},{"start":{"line":259,"column":16},"end":{"line":259,"column":33}}]}},"s":{"0":11,"1":1,"2":10,"3":3,"4":1,"5":3,"6":3,"7":3,"8":3,"9":4,"10":1,"11":4,"12":3,"13":3,"14":3,"15":3,"16":3,"17":3,"18":1,"19":2,"20":4,"21":1,"22":3,"23":2,"24":1,"25":0,"26":1,"27":0,"28":0,"29":0,"30":0,"31":0,"32":0,"33":0,"34":0,"35":0,"36":0,"37":0,"38":0,"39":0,"40":0,"41":0,"42":12,"43":12,"44":12,"45":12,"46":0,"47":12,"48":3,"49":3,"50":3,"51":7,"52":0,"53":0,"54":0,"55":9,"56":9,"57":9,"58":9,"59":0,"60":0,"61":9,"62":9,"63":9,"64":0,"65":9,"66":9,"67":9,"68":9,"69":9,"70":9,"71":9,"72":9,"73":0,"74":9,"75":0,"76":0,"77":0,"78":0,"79":0,"80":0,"81":0,"82":0,"83":0,"84":0,"85":0,"86":0,"87":9,"88":0,"89":9,"90":1,"91":1,"92":1,"93":0},"f":{"0":11,"1":3,"2":3,"3":4,"4":0,"5":0,"6":0,"7":12,"8":7,"9":0,"10":9,"11":0,"12":0,"13":0,"14":0,"15":1},"b":{"0":[1],"1":[1],"2":[1],"3":[2],"4":[3],"5":[3,3],"6":[1],"7":[1],"8":[2],"9":[0],"10":[1,1,1],"11":[0],"12":[0],"13":[0],"14":[0,0],"15":[0,0],"16":[0],"17":[0,0],"18":[0],"19":[0,0],"20":[0],"21":[0,0],"22":[3],"23":[5],"24":[5],"25":[5],"26":[12],"27":[0],"28":[12,12],"29":[3],"30":[12,5,9],"31":[3],"32":[0,0],"33":[0],"34":[9,0],"35":[0],"36":[9],"37":[9,9],"38":[9],"39":[9,9],"40":[0,0],"41":[0],"42":[9,0],"43":[0,0],"44":[0],"45":[0],"46":[9,9],"47":[1],"48":[1,1]}}
,"/Users/jeromeklam/GitHub/api-tools/src/json-api/normalizer.js": {"path":"/Users/jeromeklam/GitHub/api-tools/src/json-api/normalizer.js","statementMap":{"0":{"start":{"line":17,"column":19},"end":{"line":17,"column":72}},"1":{"start":{"line":18,"column":2},"end":{"line":18,"column":62}},"2":{"start":{"line":19,"column":13},"end":{"line":19,"column":15}},"3":{"start":{"line":20,"column":2},"end":{"line":24,"column":3}},"4":{"start":{"line":21,"column":4},"end":{"line":21,"column":92}},"5":{"start":{"line":22,"column":4},"end":{"line":22,"column":62}},"6":{"start":{"line":23,"column":4},"end":{"line":23,"column":16}},"7":{"start":{"line":25,"column":2},"end":{"line":25,"column":19}},"8":{"start":{"line":26,"column":2},"end":{"line":26,"column":24}},"9":{"start":{"line":27,"column":2},"end":{"line":27,"column":24}},"10":{"start":{"line":28,"column":2},"end":{"line":28,"column":19}},"11":{"start":{"line":29,"column":2},"end":{"line":29,"column":18}},"12":{"start":{"line":30,"column":2},"end":{"line":38,"column":3}},"13":{"start":{"line":31,"column":15},"end":{"line":31,"column":48}},"14":{"start":{"line":32,"column":4},"end":{"line":32,"column":30}},"15":{"start":{"line":33,"column":4},"end":{"line":36,"column":6}},"16":{"start":{"line":37,"column":4},"end":{"line":37,"column":20}},"17":{"start":{"line":39,"column":2},"end":{"line":39,"column":27}},"18":{"start":{"line":40,"column":2},"end":{"line":40,"column":23}},"19":{"start":{"line":41,"column":2},"end":{"line":41,"column":60}},"20":{"start":{"line":42,"column":2},"end":{"line":42,"column":14}},"21":{"start":{"line":51,"column":2},"end":{"line":53,"column":3}},"22":{"start":{"line":52,"column":4},"end":{"line":52,"column":17}},"23":{"start":{"line":54,"column":2},"end":{"line":54,"column":17}},"24":{"start":{"line":56,"column":0},"end":{"line":58,"column":1}},"25":{"start":{"line":57,"column":2},"end":{"line":57,"column":22}},"26":{"start":{"line":66,"column":14},"end":{"line":66,"column":16}},"27":{"start":{"line":67,"column":2},"end":{"line":94,"column":5}},"28":{"start":{"line":68,"column":25},"end":{"line":68,"column":43}},"29":{"start":{"line":69,"column":17},"end":{"line":69,"column":52}},"30":{"start":{"line":70,"column":4},"end":{"line":70,"column":19}},"31":{"start":{"line":71,"column":4},"end":{"line":90,"column":5}},"32":{"start":{"line":72,"column":6},"end":{"line":84,"column":7}},"33":{"start":{"line":73,"column":8},"end":{"line":76,"column":12}},"34":{"start":{"line":73,"column":53},"end":{"line":76,"column":9}},"35":{"start":{"line":77,"column":13},"end":{"line":84,"column":7}},"36":{"start":{"line":78,"column":8},"end":{"line":81,"column":10}},"37":{"start":{"line":83,"column":8},"end":{"line":83,"column":43}},"38":{"start":{"line":85,"column":11},"end":{"line":90,"column":5}},"39":{"start":{"line":86,"column":6},"end":{"line":89,"column":10}},"40":{"start":{"line":86,"column":46},"end":{"line":89,"column":7}},"41":{"start":{"line":91,"column":4},"end":{"line":93,"column":5}},"42":{"start":{"line":92,"column":6},"end":{"line":92,"column":43}},"43":{"start":{"line":95,"column":2},"end":{"line":95,"column":13}},"44":{"start":{"line":104,"column":12},"end":{"line":104,"column":14}},"45":{"start":{"line":105,"column":2},"end":{"line":113,"column":3}},"46":{"start":{"line":106,"column":4},"end":{"line":112,"column":7}},"47":{"start":{"line":107,"column":6},"end":{"line":107,"column":29}},"48":{"start":{"line":108,"column":6},"end":{"line":110,"column":7}},"49":{"start":{"line":109,"column":8},"end":{"line":109,"column":32}},"50":{"start":{"line":111,"column":6},"end":{"line":111,"column":21}},"51":{"start":{"line":114,"column":2},"end":{"line":114,"column":13}},"52":{"start":{"line":116,"column":0},"end":{"line":118,"column":1}},"53":{"start":{"line":117,"column":2},"end":{"line":117,"column":40}},"54":{"start":{"line":126,"column":17},"end":{"line":126,"column":65}},"55":{"start":{"line":127,"column":2},"end":{"line":127,"column":74}},"56":{"start":{"line":128,"column":14},"end":{"line":128,"column":20}},"57":{"start":{"line":129,"column":2},"end":{"line":173,"column":5}},"58":{"start":{"line":130,"column":16},"end":{"line":130,"column":28}},"59":{"start":{"line":131,"column":4},"end":{"line":133,"column":5}},"60":{"start":{"line":132,"column":6},"end":{"line":132,"column":18}},"61":{"start":{"line":134,"column":4},"end":{"line":172,"column":5}},"62":{"start":{"line":135,"column":19},"end":{"line":135,"column":66}},"63":{"start":{"line":136,"column":6},"end":{"line":145,"column":7}},"64":{"start":{"line":137,"column":8},"end":{"line":137,"column":28}},"65":{"start":{"line":139,"column":8},"end":{"line":141,"column":9}},"66":{"start":{"line":140,"column":10},"end":{"line":140,"column":33}},"67":{"start":{"line":142,"column":8},"end":{"line":144,"column":9}},"68":{"start":{"line":143,"column":10},"end":{"line":143,"column":39}},"69":{"start":{"line":146,"column":6},"end":{"line":146,"column":34}},"70":{"start":{"line":147,"column":6},"end":{"line":149,"column":8}},"71":{"start":{"line":150,"column":6},"end":{"line":150,"column":117}},"72":{"start":{"line":151,"column":6},"end":{"line":158,"column":7}},"73":{"start":{"line":152,"column":8},"end":{"line":152,"column":41}},"74":{"start":{"line":153,"column":8},"end":{"line":155,"column":11}},"75":{"start":{"line":154,"column":10},"end":{"line":154,"column":77}},"76":{"start":{"line":157,"column":8},"end":{"line":157,"column":54}},"77":{"start":{"line":159,"column":6},"end":{"line":164,"column":7}},"78":{"start":{"line":160,"column":8},"end":{"line":160,"column":36}},"79":{"start":{"line":161,"column":8},"end":{"line":163,"column":11}},"80":{"start":{"line":162,"column":10},"end":{"line":162,"column":56}},"81":{"start":{"line":165,"column":6},"end":{"line":167,"column":7}},"82":{"start":{"line":166,"column":8},"end":{"line":166,"column":100}},"83":{"start":{"line":168,"column":6},"end":{"line":171,"column":7}},"84":{"start":{"line":169,"column":8},"end":{"line":169,"column":54}},"85":{"start":{"line":170,"column":8},"end":{"line":170,"column":39}},"86":{"start":{"line":174,"column":2},"end":{"line":174,"column":17}},"87":{"start":{"line":175,"column":2},"end":{"line":177,"column":3}},"88":{"start":{"line":176,"column":4},"end":{"line":176,"column":40}},"89":{"start":{"line":178,"column":2},"end":{"line":178,"column":72}},"90":{"start":{"line":179,"column":2},"end":{"line":179,"column":13}},"91":{"start":{"line":188,"column":2},"end":{"line":188,"column":39}},"92":{"start":{"line":197,"column":14},"end":{"line":197,"column":16}},"93":{"start":{"line":198,"column":2},"end":{"line":198,"column":16}},"94":{"start":{"line":200,"column":2},"end":{"line":208,"column":3}},"95":{"start":{"line":201,"column":29},"end":{"line":201,"column":55}},"96":{"start":{"line":202,"column":4},"end":{"line":202,"column":36}},"97":{"start":{"line":203,"column":4},"end":{"line":203,"column":77}},"98":{"start":{"line":204,"column":4},"end":{"line":204,"column":85}},"99":{"start":{"line":206,"column":4},"end":{"line":206,"column":28}},"100":{"start":{"line":207,"column":4},"end":{"line":207,"column":36}},"101":{"start":{"line":209,"column":2},"end":{"line":209,"column":23}},"102":{"start":{"line":210,"column":2},"end":{"line":227,"column":3}},"103":{"start":{"line":211,"column":17},"end":{"line":211,"column":19}},"104":{"start":{"line":212,"column":4},"end":{"line":218,"column":7}},"105":{"start":{"line":213,"column":22},"end":{"line":213,"column":98}},"106":{"start":{"line":214,"column":6},"end":{"line":216,"column":7}},"107":{"start":{"line":215,"column":8},"end":{"line":215,"column":93}},"108":{"start":{"line":217,"column":6},"end":{"line":217,"column":25}},"109":{"start":{"line":219,"column":4},"end":{"line":219,"column":27}},"110":{"start":{"line":220,"column":4},"end":{"line":223,"column":5}},"111":{"start":{"line":221,"column":6},"end":{"line":221,"column":36}},"112":{"start":{"line":222,"column":6},"end":{"line":222,"column":62}},"113":{"start":{"line":224,"column":4},"end":{"line":226,"column":5}},"114":{"start":{"line":225,"column":6},"end":{"line":225,"column":34}},"115":{"start":{"line":228,"column":2},"end":{"line":228,"column":13}},"116":{"start":{"line":241,"column":2},"end":{"line":243,"column":3}},"117":{"start":{"line":242,"column":4},"end":{"line":242,"column":16}},"118":{"start":{"line":244,"column":2},"end":{"line":246,"column":3}},"119":{"start":{"line":245,"column":4},"end":{"line":245,"column":47}},"120":{"start":{"line":247,"column":2},"end":{"line":326,"column":3}},"121":{"start":{"line":248,"column":4},"end":{"line":253,"column":5}},"122":{"start":{"line":249,"column":6},"end":{"line":249,"column":21}},"123":{"start":{"line":250,"column":6},"end":{"line":252,"column":7}},"124":{"start":{"line":251,"column":8},"end":{"line":251,"column":45}},"125":{"start":{"line":254,"column":4},"end":{"line":306,"column":5}},"126":{"start":{"line":255,"column":18},"end":{"line":255,"column":34}},"127":{"start":{"line":256,"column":6},"end":{"line":286,"column":9}},"128":{"start":{"line":257,"column":8},"end":{"line":285,"column":9}},"129":{"start":{"line":258,"column":10},"end":{"line":258,"column":72}},"130":{"start":{"line":259,"column":10},"end":{"line":262,"column":11}},"131":{"start":{"line":260,"column":12},"end":{"line":260,"column":40}},"132":{"start":{"line":261,"column":12},"end":{"line":261,"column":25}},"133":{"start":{"line":263,"column":10},"end":{"line":270,"column":11}},"134":{"start":{"line":264,"column":12},"end":{"line":269,"column":15}},"135":{"start":{"line":265,"column":14},"end":{"line":267,"column":15}},"136":{"start":{"line":266,"column":16},"end":{"line":266,"column":32}},"137":{"start":{"line":268,"column":14},"end":{"line":268,"column":61}},"138":{"start":{"line":271,"column":15},"end":{"line":285,"column":9}},"139":{"start":{"line":272,"column":10},"end":{"line":272,"column":54}},"140":{"start":{"line":273,"column":10},"end":{"line":276,"column":11}},"141":{"start":{"line":274,"column":12},"end":{"line":274,"column":40}},"142":{"start":{"line":275,"column":12},"end":{"line":275,"column":25}},"143":{"start":{"line":277,"column":10},"end":{"line":284,"column":11}},"144":{"start":{"line":278,"column":12},"end":{"line":283,"column":15}},"145":{"start":{"line":279,"column":14},"end":{"line":281,"column":15}},"146":{"start":{"line":280,"column":16},"end":{"line":280,"column":32}},"147":{"start":{"line":282,"column":14},"end":{"line":282,"column":61}},"148":{"start":{"line":288,"column":6},"end":{"line":305,"column":9}},"149":{"start":{"line":289,"column":22},"end":{"line":291,"column":10}},"150":{"start":{"line":290,"column":10},"end":{"line":290,"column":51}},"151":{"start":{"line":292,"column":8},"end":{"line":303,"column":9}},"152":{"start":{"line":293,"column":10},"end":{"line":293,"column":58}},"153":{"start":{"line":294,"column":10},"end":{"line":301,"column":11}},"154":{"start":{"line":295,"column":12},"end":{"line":300,"column":15}},"155":{"start":{"line":296,"column":14},"end":{"line":298,"column":15}},"156":{"start":{"line":297,"column":16},"end":{"line":297,"column":32}},"157":{"start":{"line":299,"column":14},"end":{"line":299,"column":61}},"158":{"start":{"line":302,"column":10},"end":{"line":302,"column":22}},"159":{"start":{"line":304,"column":8},"end":{"line":304,"column":21}},"160":{"start":{"line":307,"column":4},"end":{"line":307,"column":42}},"161":{"start":{"line":308,"column":9},"end":{"line":326,"column":3}},"162":{"start":{"line":309,"column":4},"end":{"line":325,"column":7}},"163":{"start":{"line":310,"column":20},"end":{"line":312,"column":8}},"164":{"start":{"line":311,"column":8},"end":{"line":311,"column":34}},"165":{"start":{"line":313,"column":6},"end":{"line":324,"column":7}},"166":{"start":{"line":314,"column":8},"end":{"line":314,"column":78}},"167":{"start":{"line":315,"column":8},"end":{"line":322,"column":9}},"168":{"start":{"line":316,"column":10},"end":{"line":321,"column":13}},"169":{"start":{"line":317,"column":12},"end":{"line":319,"column":13}},"170":{"start":{"line":318,"column":14},"end":{"line":318,"column":30}},"171":{"start":{"line":320,"column":12},"end":{"line":320,"column":59}},"172":{"start":{"line":323,"column":8},"end":{"line":323,"column":20}},"173":{"start":{"line":327,"column":2},"end":{"line":327,"column":21}},"174":{"start":{"line":340,"column":2},"end":{"line":342,"column":3}},"175":{"start":{"line":341,"column":4},"end":{"line":341,"column":16}},"176":{"start":{"line":343,"column":2},"end":{"line":357,"column":3}},"177":{"start":{"line":344,"column":4},"end":{"line":355,"column":5}},"178":{"start":{"line":345,"column":18},"end":{"line":345,"column":34}},"179":{"start":{"line":346,"column":6},"end":{"line":354,"column":9}},"180":{"start":{"line":347,"column":23},"end":{"line":347,"column":40}},"181":{"start":{"line":348,"column":8},"end":{"line":353,"column":9}},"182":{"start":{"line":349,"column":10},"end":{"line":349,"column":45}},"183":{"start":{"line":350,"column":10},"end":{"line":352,"column":11}},"184":{"start":{"line":351,"column":12},"end":{"line":351,"column":35}},"185":{"start":{"line":356,"column":4},"end":{"line":356,"column":42}},"186":{"start":{"line":358,"column":2},"end":{"line":358,"column":21}},"187":{"start":{"line":374,"column":17},"end":{"line":374,"column":65}},"188":{"start":{"line":375,"column":2},"end":{"line":375,"column":57}},"189":{"start":{"line":376,"column":2},"end":{"line":379,"column":3}},"190":{"start":{"line":377,"column":4},"end":{"line":377,"column":68}},"191":{"start":{"line":378,"column":4},"end":{"line":378,"column":18}},"192":{"start":{"line":380,"column":23},"end":{"line":380,"column":27}},"193":{"start":{"line":381,"column":41},"end":{"line":381,"column":45}},"194":{"start":{"line":382,"column":2},"end":{"line":384,"column":3}},"195":{"start":{"line":383,"column":4},"end":{"line":383,"column":26}},"196":{"start":{"line":385,"column":2},"end":{"line":387,"column":3}},"197":{"start":{"line":386,"column":4},"end":{"line":386,"column":25}},"198":{"start":{"line":388,"column":2},"end":{"line":395,"column":3}},"199":{"start":{"line":389,"column":4},"end":{"line":389,"column":59}},"200":{"start":{"line":390,"column":18},"end":{"line":390,"column":76}},"201":{"start":{"line":391,"column":4},"end":{"line":391,"column":25}},"202":{"start":{"line":392,"column":4},"end":{"line":394,"column":5}},"203":{"start":{"line":393,"column":6},"end":{"line":393,"column":72}},"204":{"start":{"line":396,"column":2},"end":{"line":399,"column":3}},"205":{"start":{"line":397,"column":4},"end":{"line":397,"column":61}},"206":{"start":{"line":398,"column":4},"end":{"line":398,"column":65}},"207":{"start":{"line":400,"column":2},"end":{"line":403,"column":3}},"208":{"start":{"line":401,"column":4},"end":{"line":401,"column":63}},"209":{"start":{"line":402,"column":4},"end":{"line":402,"column":83}},"210":{"start":{"line":404,"column":2},"end":{"line":407,"column":3}},"211":{"start":{"line":405,"column":24},"end":{"line":405,"column":78}},"212":{"start":{"line":406,"column":4},"end":{"line":406,"column":88}},"213":{"start":{"line":408,"column":2},"end":{"line":411,"column":3}},"214":{"start":{"line":409,"column":22},"end":{"line":409,"column":49}},"215":{"start":{"line":410,"column":4},"end":{"line":410,"column":40}},"216":{"start":{"line":412,"column":2},"end":{"line":412,"column":83}},"217":{"start":{"line":413,"column":2},"end":{"line":415,"column":3}},"218":{"start":{"line":414,"column":4},"end":{"line":414,"column":35}},"219":{"start":{"line":416,"column":2},"end":{"line":416,"column":55}},"220":{"start":{"line":417,"column":2},"end":{"line":417,"column":16}}},"fnMap":{"0":{"name":"getNewNormalizedObject","decl":{"start":{"line":16,"column":16},"end":{"line":16,"column":38}},"loc":{"start":{"line":16,"column":61},"end":{"line":43,"column":1}}},"1":{"name":"wrap","decl":{"start":{"line":50,"column":9},"end":{"line":50,"column":13}},"loc":{"start":{"line":50,"column":21},"end":{"line":55,"column":1}}},"2":{"name":"extractRelationships","decl":{"start":{"line":65,"column":9},"end":{"line":65,"column":29}},"loc":{"start":{"line":65,"column":63},"end":{"line":96,"column":1}}},"3":{"name":"(anonymous_4)","decl":{"start":{"line":67,"column":30},"end":{"line":67,"column":33}},"loc":{"start":{"line":67,"column":37},"end":{"line":94,"column":3}}},"4":{"name":"(anonymous_5)","decl":{"start":{"line":73,"column":47},"end":{"line":73,"column":48}},"loc":{"start":{"line":73,"column":53},"end":{"line":76,"column":9}}},"5":{"name":"(anonymous_6)","decl":{"start":{"line":86,"column":40},"end":{"line":86,"column":41}},"loc":{"start":{"line":86,"column":46},"end":{"line":89,"column":7}}},"6":{"name":"extractErrors","decl":{"start":{"line":103,"column":9},"end":{"line":103,"column":22}},"loc":{"start":{"line":103,"column":64},"end":{"line":115,"column":1}}},"7":{"name":"(anonymous_8)","decl":{"start":{"line":106,"column":19},"end":{"line":106,"column":20}},"loc":{"start":{"line":106,"column":29},"end":{"line":112,"column":5}}},"8":{"name":"extractEntities","decl":{"start":{"line":125,"column":9},"end":{"line":125,"column":24}},"loc":{"start":{"line":125,"column":78},"end":{"line":180,"column":1}}},"9":{"name":"(anonymous_10)","decl":{"start":{"line":129,"column":21},"end":{"line":129,"column":25}},"loc":{"start":{"line":129,"column":29},"end":{"line":173,"column":3}}},"10":{"name":"(anonymous_11)","decl":{"start":{"line":153,"column":38},"end":{"line":153,"column":41}},"loc":{"start":{"line":153,"column":45},"end":{"line":155,"column":9}}},"11":{"name":"(anonymous_12)","decl":{"start":{"line":161,"column":33},"end":{"line":161,"column":36}},"loc":{"start":{"line":161,"column":40},"end":{"line":163,"column":9}}},"12":{"name":"doFilterEndpoint","decl":{"start":{"line":187,"column":9},"end":{"line":187,"column":25}},"loc":{"start":{"line":187,"column":36},"end":{"line":189,"column":1}}},"13":{"name":"extractMetaData","decl":{"start":{"line":196,"column":9},"end":{"line":196,"column":24}},"loc":{"start":{"line":196,"column":75},"end":{"line":229,"column":1}}},"14":{"name":"(anonymous_15)","decl":{"start":{"line":212,"column":28},"end":{"line":212,"column":34}},"loc":{"start":{"line":212,"column":38},"end":{"line":218,"column":5}}},"15":{"name":"normalizedObjectUpdate","decl":{"start":{"line":240,"column":16},"end":{"line":240,"column":38}},"loc":{"start":{"line":240,"column":75},"end":{"line":328,"column":1}}},"16":{"name":"(anonymous_17)","decl":{"start":{"line":256,"column":31},"end":{"line":256,"column":32}},"loc":{"start":{"line":256,"column":41},"end":{"line":286,"column":7}}},"17":{"name":"(anonymous_18)","decl":{"start":{"line":264,"column":40},"end":{"line":264,"column":41}},"loc":{"start":{"line":264,"column":50},"end":{"line":269,"column":13}}},"18":{"name":"(anonymous_19)","decl":{"start":{"line":278,"column":40},"end":{"line":278,"column":44}},"loc":{"start":{"line":278,"column":48},"end":{"line":283,"column":13}}},"19":{"name":"(anonymous_20)","decl":{"start":{"line":288,"column":31},"end":{"line":288,"column":38}},"loc":{"start":{"line":288,"column":42},"end":{"line":305,"column":7}}},"20":{"name":"(anonymous_21)","decl":{"start":{"line":289,"column":48},"end":{"line":289,"column":54}},"loc":{"start":{"line":289,"column":58},"end":{"line":291,"column":9}}},"21":{"name":"(anonymous_22)","decl":{"start":{"line":295,"column":40},"end":{"line":295,"column":44}},"loc":{"start":{"line":295,"column":48},"end":{"line":300,"column":13}}},"22":{"name":"(anonymous_23)","decl":{"start":{"line":309,"column":40},"end":{"line":309,"column":47}},"loc":{"start":{"line":309,"column":51},"end":{"line":325,"column":5}}},"23":{"name":"(anonymous_24)","decl":{"start":{"line":310,"column":57},"end":{"line":310,"column":63}},"loc":{"start":{"line":310,"column":67},"end":{"line":312,"column":7}}},"24":{"name":"(anonymous_25)","decl":{"start":{"line":316,"column":38},"end":{"line":316,"column":42}},"loc":{"start":{"line":316,"column":46},"end":{"line":321,"column":11}}},"25":{"name":"normalizedObjectRemove","decl":{"start":{"line":339,"column":16},"end":{"line":339,"column":38}},"loc":{"start":{"line":339,"column":57},"end":{"line":359,"column":1}}},"26":{"name":"(anonymous_27)","decl":{"start":{"line":346,"column":38},"end":{"line":346,"column":42}},"loc":{"start":{"line":346,"column":46},"end":{"line":354,"column":7}}},"27":{"name":"jsonApiNormalizer","decl":{"start":{"line":373,"column":16},"end":{"line":373,"column":33}},"loc":{"start":{"line":373,"column":76},"end":{"line":418,"column":null}}}},"branchMap":{"0":{"loc":{"start":{"line":16,"column":39},"end":{"line":16,"column":49}},"type":"default-arg","locations":[{"start":{"line":16,"column":47},"end":{"line":16,"column":49}}]},"1":{"loc":{"start":{"line":16,"column":51},"end":{"line":16,"column":59}},"type":"default-arg","locations":[{"start":{"line":16,"column":57},"end":{"line":16,"column":59}}]},"2":{"loc":{"start":{"line":20,"column":2},"end":{"line":24,"column":3}},"type":"if","locations":[{"start":{"line":20,"column":2},"end":{"line":24,"column":3}}]},"3":{"loc":{"start":{"line":30,"column":2},"end":{"line":38,"column":3}},"type":"if","locations":[{"start":{"line":30,"column":2},"end":{"line":38,"column":3}}]},"4":{"loc":{"start":{"line":30,"column":6},"end":{"line":30,"column":25}},"type":"binary-expr","locations":[{"start":{"line":30,"column":6},"end":{"line":30,"column":9}},{"start":{"line":30,"column":13},"end":{"line":30,"column":25}}]},"5":{"loc":{"start":{"line":31,"column":15},"end":{"line":31,"column":48}},"type":"cond-expr","locations":[{"start":{"line":31,"column":28},"end":{"line":31,"column":31}},{"start":{"line":31,"column":34},"end":{"line":31,"column":48}}]},"6":{"loc":{"start":{"line":51,"column":2},"end":{"line":53,"column":3}},"type":"if","locations":[{"start":{"line":51,"column":2},"end":{"line":53,"column":3}}]},"7":{"loc":{"start":{"line":56,"column":0},"end":{"line":58,"column":1}},"type":"if","locations":[{"start":{"line":56,"column":0},"end":{"line":58,"column":1}}]},"8":{"loc":{"start":{"line":69,"column":17},"end":{"line":69,"column":52}},"type":"cond-expr","locations":[{"start":{"line":69,"column":32},"end":{"line":69,"column":46}},{"start":{"line":69,"column":49},"end":{"line":69,"column":52}}]},"9":{"loc":{"start":{"line":71,"column":4},"end":{"line":90,"column":5}},"type":"if","locations":[{"start":{"line":71,"column":4},"end":{"line":90,"column":5}},{"start":{"line":85,"column":11},"end":{"line":90,"column":5}}]},"10":{"loc":{"start":{"line":72,"column":6},"end":{"line":84,"column":7}},"type":"if","locations":[{"start":{"line":72,"column":6},"end":{"line":84,"column":7}},{"start":{"line":77,"column":13},"end":{"line":84,"column":7}}]},"11":{"loc":{"start":{"line":75,"column":16},"end":{"line":75,"column":57}},"type":"cond-expr","locations":[{"start":{"line":75,"column":31},"end":{"line":75,"column":48}},{"start":{"line":75,"column":51},"end":{"line":75,"column":57}}]},"12":{"loc":{"start":{"line":77,"column":13},"end":{"line":84,"column":7}},"type":"if","locations":[{"start":{"line":77,"column":13},"end":{"line":84,"column":7}},{"start":{"line":82,"column":13},"end":{"line":84,"column":7}}]},"13":{"loc":{"start":{"line":80,"column":16},"end":{"line":80,"column":89}},"type":"cond-expr","locations":[{"start":{"line":80,"column":31},"end":{"line":80,"column":64}},{"start":{"line":80,"column":67},"end":{"line":80,"column":89}}]},"14":{"loc":{"start":{"line":85,"column":11},"end":{"line":90,"column":5}},"type":"if","locations":[{"start":{"line":85,"column":11},"end":{"line":90,"column":5}}]},"15":{"loc":{"start":{"line":88,"column":14},"end":{"line":88,"column":60}},"type":"cond-expr","locations":[{"start":{"line":88,"column":29},"end":{"line":88,"column":46}},{"start":{"line":88,"column":49},"end":{"line":88,"column":60}}]},"16":{"loc":{"start":{"line":91,"column":4},"end":{"line":93,"column":5}},"type":"if","locations":[{"start":{"line":91,"column":4},"end":{"line":93,"column":5}}]},"17":{"loc":{"start":{"line":103,"column":31},"end":{"line":103,"column":62}},"type":"default-arg","locations":[{"start":{"line":103,"column":40},"end":{"line":103,"column":62}}]},"18":{"loc":{"start":{"line":105,"column":2},"end":{"line":113,"column":3}},"type":"if","locations":[{"start":{"line":105,"column":2},"end":{"line":113,"column":3}}]},"19":{"loc":{"start":{"line":108,"column":6},"end":{"line":110,"column":7}},"type":"if","locations":[{"start":{"line":108,"column":6},"end":{"line":110,"column":7}}]},"20":{"loc":{"start":{"line":108,"column":10},"end":{"line":108,"column":38}},"type":"binary-expr","locations":[{"start":{"line":108,"column":10},"end":{"line":108,"column":19}},{"start":{"line":108,"column":23},"end":{"line":108,"column":38}}]},"21":{"loc":{"start":{"line":116,"column":0},"end":{"line":118,"column":1}},"type":"if","locations":[{"start":{"line":116,"column":0},"end":{"line":118,"column":1}}]},"22":{"loc":{"start":{"line":125,"column":57},"end":{"line":125,"column":76}},"type":"default-arg","locations":[{"start":{"line":125,"column":71},"end":{"line":125,"column":76}}]},"23":{"loc":{"start":{"line":131,"column":4},"end":{"line":133,"column":5}},"type":"if","locations":[{"start":{"line":131,"column":4},"end":{"line":133,"column":5}}]},"24":{"loc":{"start":{"line":134,"column":4},"end":{"line":172,"column":5}},"type":"if","locations":[{"start":{"line":134,"column":4},"end":{"line":172,"column":5}}]},"25":{"loc":{"start":{"line":135,"column":19},"end":{"line":135,"column":66}},"type":"cond-expr","locations":[{"start":{"line":135,"column":34},"end":{"line":135,"column":54}},{"start":{"line":135,"column":57},"end":{"line":135,"column":66}}]},"26":{"loc":{"start":{"line":136,"column":6},"end":{"line":145,"column":7}},"type":"if","locations":[{"start":{"line":136,"column":6},"end":{"line":145,"column":7}},{"start":{"line":138,"column":13},"end":{"line":145,"column":7}}]},"27":{"loc":{"start":{"line":139,"column":8},"end":{"line":141,"column":9}},"type":"if","locations":[{"start":{"line":139,"column":8},"end":{"line":141,"column":9}}]},"28":{"loc":{"start":{"line":142,"column":8},"end":{"line":144,"column":9}},"type":"if","locations":[{"start":{"line":142,"column":8},"end":{"line":144,"column":9}}]},"29":{"loc":{"start":{"line":146,"column":18},"end":{"line":146,"column":33}},"type":"binary-expr","locations":[{"start":{"line":146,"column":18},"end":{"line":146,"column":27}},{"start":{"line":146,"column":31},"end":{"line":146,"column":33}}]},"30":{"loc":{"start":{"line":147,"column":25},"end":{"line":149,"column":7}},"type":"binary-expr","locations":[{"start":{"line":147,"column":25},"end":{"line":147,"column":41}},{"start":{"line":147,"column":45},"end":{"line":149,"column":7}}]},"31":{"loc":{"start":{"line":150,"column":80},"end":{"line":150,"column":91}},"type":"binary-expr","locations":[{"start":{"line":150,"column":80},"end":{"line":150,"column":84}},{"start":{"line":150,"column":88},"end":{"line":150,"column":91}}]},"32":{"loc":{"start":{"line":150,"column":102},"end":{"line":150,"column":114}},"type":"binary-expr","locations":[{"start":{"line":150,"column":102},"end":{"line":150,"column":107}},{"start":{"line":150,"column":111},"end":{"line":150,"column":114}}]},"33":{"loc":{"start":{"line":151,"column":6},"end":{"line":158,"column":7}},"type":"if","locations":[{"start":{"line":151,"column":6},"end":{"line":158,"column":7}},{"start":{"line":156,"column":13},"end":{"line":158,"column":7}}]},"34":{"loc":{"start":{"line":159,"column":6},"end":{"line":164,"column":7}},"type":"if","locations":[{"start":{"line":159,"column":6},"end":{"line":164,"column":7}}]},"35":{"loc":{"start":{"line":165,"column":6},"end":{"line":167,"column":7}},"type":"if","locations":[{"start":{"line":165,"column":6},"end":{"line":167,"column":7}}]},"36":{"loc":{"start":{"line":168,"column":6},"end":{"line":171,"column":7}},"type":"if","locations":[{"start":{"line":168,"column":6},"end":{"line":171,"column":7}}]},"37":{"loc":{"start":{"line":169,"column":29},"end":{"line":169,"column":53}},"type":"binary-expr","locations":[{"start":{"line":169,"column":29},"end":{"line":169,"column":47}},{"start":{"line":169,"column":51},"end":{"line":169,"column":53}}]},"38":{"loc":{"start":{"line":175,"column":2},"end":{"line":177,"column":3}},"type":"if","locations":[{"start":{"line":175,"column":2},"end":{"line":177,"column":3}}]},"39":{"loc":{"start":{"line":200,"column":2},"end":{"line":208,"column":3}},"type":"if","locations":[{"start":{"line":200,"column":2},"end":{"line":208,"column":3}},{"start":{"line":205,"column":9},"end":{"line":208,"column":3}}]},"40":{"loc":{"start":{"line":210,"column":2},"end":{"line":227,"column":3}},"type":"if","locations":[{"start":{"line":210,"column":2},"end":{"line":227,"column":3}}]},"41":{"loc":{"start":{"line":213,"column":45},"end":{"line":213,"column":96}},"type":"cond-expr","locations":[{"start":{"line":213,"column":60},"end":{"line":213,"column":82}},{"start":{"line":213,"column":85},"end":{"line":213,"column":96}}]},"42":{"loc":{"start":{"line":214,"column":6},"end":{"line":216,"column":7}},"type":"if","locations":[{"start":{"line":214,"column":6},"end":{"line":216,"column":7}}]},"43":{"loc":{"start":{"line":220,"column":4},"end":{"line":223,"column":5}},"type":"if","locations":[{"start":{"line":220,"column":4},"end":{"line":223,"column":5}}]},"44":{"loc":{"start":{"line":224,"column":4},"end":{"line":226,"column":5}},"type":"if","locations":[{"start":{"line":224,"column":4},"end":{"line":226,"column":5}}]},"45":{"loc":{"start":{"line":240,"column":57},"end":{"line":240,"column":73}},"type":"default-arg","locations":[{"start":{"line":240,"column":69},"end":{"line":240,"column":73}}]},"46":{"loc":{"start":{"line":241,"column":2},"end":{"line":243,"column":3}},"type":"if","locations":[{"start":{"line":241,"column":2},"end":{"line":243,"column":3}}]},"47":{"loc":{"start":{"line":241,"column":6},"end":{"line":241,"column":21}},"type":"binary-expr","locations":[{"start":{"line":241,"column":6},"end":{"line":241,"column":11}},{"start":{"line":241,"column":15},"end":{"line":241,"column":21}}]},"48":{"loc":{"start":{"line":244,"column":2},"end":{"line":246,"column":3}},"type":"if","locations":[{"start":{"line":244,"column":2},"end":{"line":246,"column":3}}]},"49":{"loc":{"start":{"line":244,"column":6},"end":{"line":244,"column":30}},"type":"binary-expr","locations":[{"start":{"line":244,"column":6},"end":{"line":244,"column":16}},{"start":{"line":244,"column":20},"end":{"line":244,"column":30}}]},"50":{"loc":{"start":{"line":247,"column":2},"end":{"line":326,"column":3}},"type":"if","locations":[{"start":{"line":247,"column":2},"end":{"line":326,"column":3}},{"start":{"line":308,"column":9},"end":{"line":326,"column":3}}]},"51":{"loc":{"start":{"line":247,"column":6},"end":{"line":247,"column":29}},"type":"binary-expr","locations":[{"start":{"line":247,"column":6},"end":{"line":247,"column":16}},{"start":{"line":247,"column":20},"end":{"line":247,"column":29}}]},"52":{"loc":{"start":{"line":248,"column":4},"end":{"line":253,"column":5}},"type":"if","locations":[{"start":{"line":248,"column":4},"end":{"line":253,"column":5}}]},"53":{"loc":{"start":{"line":248,"column":8},"end":{"line":248,"column":40}},"type":"binary-expr","locations":[{"start":{"line":248,"column":8},"end":{"line":248,"column":19}},{"start":{"line":248,"column":23},"end":{"line":248,"column":40}}]},"54":{"loc":{"start":{"line":250,"column":6},"end":{"line":252,"column":7}},"type":"if","locations":[{"start":{"line":250,"column":6},"end":{"line":252,"column":7}}]},"55":{"loc":{"start":{"line":254,"column":4},"end":{"line":306,"column":5}},"type":"if","locations":[{"start":{"line":254,"column":4},"end":{"line":306,"column":5}},{"start":{"line":287,"column":11},"end":{"line":306,"column":5}}]},"56":{"loc":{"start":{"line":257,"column":8},"end":{"line":285,"column":9}},"type":"if","locations":[{"start":{"line":257,"column":8},"end":{"line":285,"column":9}},{"start":{"line":271,"column":15},"end":{"line":285,"column":9}}]},"57":{"loc":{"start":{"line":259,"column":10},"end":{"line":262,"column":11}},"type":"if","locations":[{"start":{"line":259,"column":10},"end":{"line":262,"column":11}}]},"58":{"loc":{"start":{"line":259,"column":14},"end":{"line":259,"column":78}},"type":"binary-expr","locations":[{"start":{"line":259,"column":14},"end":{"line":259,"column":48}},{"start":{"line":259,"column":52},"end":{"line":259,"column":64}},{"start":{"line":259,"column":68},"end":{"line":259,"column":78}}]},"59":{"loc":{"start":{"line":263,"column":10},"end":{"line":270,"column":11}},"type":"if","locations":[{"start":{"line":263,"column":10},"end":{"line":270,"column":11}}]},"60":{"loc":{"start":{"line":265,"column":14},"end":{"line":267,"column":15}},"type":"if","locations":[{"start":{"line":265,"column":14},"end":{"line":267,"column":15}}]},"61":{"loc":{"start":{"line":271,"column":15},"end":{"line":285,"column":9}},"type":"if","locations":[{"start":{"line":271,"column":15},"end":{"line":285,"column":9}}]},"62":{"loc":{"start":{"line":273,"column":10},"end":{"line":276,"column":11}},"type":"if","locations":[{"start":{"line":273,"column":10},"end":{"line":276,"column":11}}]},"63":{"loc":{"start":{"line":273,"column":14},"end":{"line":273,"column":40}},"type":"binary-expr","locations":[{"start":{"line":273,"column":14},"end":{"line":273,"column":26}},{"start":{"line":273,"column":30},"end":{"line":273,"column":40}}]},"64":{"loc":{"start":{"line":277,"column":10},"end":{"line":284,"column":11}},"type":"if","locations":[{"start":{"line":277,"column":10},"end":{"line":284,"column":11}}]},"65":{"loc":{"start":{"line":279,"column":14},"end":{"line":281,"column":15}},"type":"if","locations":[{"start":{"line":279,"column":14},"end":{"line":281,"column":15}}]},"66":{"loc":{"start":{"line":292,"column":8},"end":{"line":303,"column":9}},"type":"if","locations":[{"start":{"line":292,"column":8},"end":{"line":303,"column":9}}]},"67":{"loc":{"start":{"line":294,"column":10},"end":{"line":301,"column":11}},"type":"if","locations":[{"start":{"line":294,"column":10},"end":{"line":301,"column":11}}]},"68":{"loc":{"start":{"line":296,"column":14},"end":{"line":298,"column":15}},"type":"if","locations":[{"start":{"line":296,"column":14},"end":{"line":298,"column":15}}]},"69":{"loc":{"start":{"line":308,"column":9},"end":{"line":326,"column":3}},"type":"if","locations":[{"start":{"line":308,"column":9},"end":{"line":326,"column":3}}]},"70":{"loc":{"start":{"line":313,"column":6},"end":{"line":324,"column":7}},"type":"if","locations":[{"start":{"line":313,"column":6},"end":{"line":324,"column":7}}]},"71":{"loc":{"start":{"line":315,"column":8},"end":{"line":322,"column":9}},"type":"if","locations":[{"start":{"line":315,"column":8},"end":{"line":322,"column":9}}]},"72":{"loc":{"start":{"line":317,"column":12},"end":{"line":319,"column":13}},"type":"if","locations":[{"start":{"line":317,"column":12},"end":{"line":319,"column":13}}]},"73":{"loc":{"start":{"line":340,"column":2},"end":{"line":342,"column":3}},"type":"if","locations":[{"start":{"line":340,"column":2},"end":{"line":342,"column":3}}]},"74":{"loc":{"start":{"line":340,"column":6},"end":{"line":340,"column":21}},"type":"binary-expr","locations":[{"start":{"line":340,"column":6},"end":{"line":340,"column":11}},{"start":{"line":340,"column":15},"end":{"line":340,"column":21}}]},"75":{"loc":{"start":{"line":343,"column":2},"end":{"line":357,"column":3}},"type":"if","locations":[{"start":{"line":343,"column":2},"end":{"line":357,"column":3}}]},"76":{"loc":{"start":{"line":343,"column":6},"end":{"line":343,"column":29}},"type":"binary-expr","locations":[{"start":{"line":343,"column":6},"end":{"line":343,"column":16}},{"start":{"line":343,"column":20},"end":{"line":343,"column":29}}]},"77":{"loc":{"start":{"line":344,"column":4},"end":{"line":355,"column":5}},"type":"if","locations":[{"start":{"line":344,"column":4},"end":{"line":355,"column":5}}]},"78":{"loc":{"start":{"line":348,"column":8},"end":{"line":353,"column":9}},"type":"if","locations":[{"start":{"line":348,"column":8},"end":{"line":353,"column":9}}]},"79":{"loc":{"start":{"line":350,"column":10},"end":{"line":352,"column":11}},"type":"if","locations":[{"start":{"line":350,"column":10},"end":{"line":352,"column":11}}]},"80":{"loc":{"start":{"line":373,"column":40},"end":{"line":373,"column":63}},"type":"default-arg","locations":[{"start":{"line":373,"column":49},"end":{"line":373,"column":63}}]},"81":{"loc":{"start":{"line":373,"column":65},"end":{"line":373,"column":74}},"type":"default-arg","locations":[{"start":{"line":373,"column":72},"end":{"line":373,"column":74}}]},"82":{"loc":{"start":{"line":376,"column":2},"end":{"line":379,"column":3}},"type":"if","locations":[{"start":{"line":376,"column":2},"end":{"line":379,"column":3}}]},"83":{"loc":{"start":{"line":382,"column":2},"end":{"line":384,"column":3}},"type":"if","locations":[{"start":{"line":382,"column":2},"end":{"line":384,"column":3}}]},"84":{"loc":{"start":{"line":385,"column":2},"end":{"line":387,"column":3}},"type":"if","locations":[{"start":{"line":385,"column":2},"end":{"line":387,"column":3}}]},"85":{"loc":{"start":{"line":388,"column":2},"end":{"line":395,"column":3}},"type":"if","locations":[{"start":{"line":388,"column":2},"end":{"line":395,"column":3}}]},"86":{"loc":{"start":{"line":392,"column":4},"end":{"line":394,"column":5}},"type":"if","locations":[{"start":{"line":392,"column":4},"end":{"line":394,"column":5}}]},"87":{"loc":{"start":{"line":396,"column":2},"end":{"line":399,"column":3}},"type":"if","locations":[{"start":{"line":396,"column":2},"end":{"line":399,"column":3}}]},"88":{"loc":{"start":{"line":400,"column":2},"end":{"line":403,"column":3}},"type":"if","locations":[{"start":{"line":400,"column":2},"end":{"line":403,"column":3}}]},"89":{"loc":{"start":{"line":404,"column":2},"end":{"line":407,"column":3}},"type":"if","locations":[{"start":{"line":404,"column":2},"end":{"line":407,"column":3}}]},"90":{"loc":{"start":{"line":405,"column":24},"end":{"line":405,"column":78}},"type":"cond-expr","locations":[{"start":{"line":405,"column":41},"end":{"line":405,"column":67}},{"start":{"line":405,"column":70},"end":{"line":405,"column":78}}]},"91":{"loc":{"start":{"line":408,"column":2},"end":{"line":411,"column":3}},"type":"if","locations":[{"start":{"line":408,"column":2},"end":{"line":411,"column":3}}]},"92":{"loc":{"start":{"line":408,"column":6},"end":{"line":408,"column":57}},"type":"binary-expr","locations":[{"start":{"line":408,"column":6},"end":{"line":408,"column":24}},{"start":{"line":408,"column":28},"end":{"line":408,"column":57}}]},"93":{"loc":{"start":{"line":412,"column":17},"end":{"line":412,"column":82}},"type":"cond-expr","locations":[{"start":{"line":412,"column":53},"end":{"line":412,"column":78}},{"start":{"line":412,"column":81},"end":{"line":412,"column":82}}]},"94":{"loc":{"start":{"line":413,"column":2},"end":{"line":415,"column":3}},"type":"if","locations":[{"start":{"line":413,"co
[...]
line":109,"column":12},"end":{"line":109,"column":36}},"51":{"start":{"line":111,"column":12},"end":{"line":117,"column":13}},"52":{"start":{"line":112,"column":14},"end":{"line":112,"column":22}},"53":{"start":{"line":114,"column":14},"end":{"line":116,"column":15}},"54":{"start":{"line":115,"column":16},"end":{"line":115,"column":24}},"55":{"start":{"line":119,"column":10},"end":{"line":119,"column":65}},"56":{"start":{"line":120,"column":10},"end":{"line":120,"column":40}},"57":{"start":{"line":122,"column":10},"end":{"line":122,"column":65}},"58":{"start":{"line":123,"column":10},"end":{"line":123,"column":39}},"59":{"start":{"line":127,"column":22},"end":{"line":127,"column":37}},"60":{"start":{"line":128,"column":4},"end":{"line":130,"column":5}},"61":{"start":{"line":129,"column":6},"end":{"line":129,"column":38}},"62":{"start":{"line":131,"column":4},"end":{"line":131,"column":59}},"63":{"start":{"line":132,"column":4},"end":{"line":132,"column":23}},"64":{"start":{"line":134,"column":2},"end":{"line":134,"column":57}},"65":{"start":{"line":135,"column":2},"end":{"line":135,"column":12}}},"fnMap":{"0":{"name":"queryStringToObject","decl":{"start":{"line":15,"column":16},"end":{"line":15,"column":35}},"loc":{"start":{"line":15,"column":68},"end":{"line":60,"column":1}}},"1":{"name":"(anonymous_2)","decl":{"start":{"line":35,"column":19},"end":{"line":35,"column":20}},"loc":{"start":{"line":35,"column":29},"end":{"line":56,"column":5}}},"2":{"name":"objectToQueryString","decl":{"start":{"line":74,"column":16},"end":{"line":74,"column":35}},"loc":{"start":{"line":79,"column":2},"end":{"line":136,"column":null}}},"3":{"name":"(anonymous_4)","decl":{"start":{"line":89,"column":47},"end":{"line":89,"column":48}},"loc":{"start":{"line":89,"column":63},"end":{"line":126,"column":5}}}},"branchMap":{"0":{"loc":{"start":{"line":15,"column":36},"end":{"line":15,"column":52}},"type":"default-arg","locations":[{"start":{"line":15,"column":50},"end":{"line":15,"column":52}}]},"1":{"loc":{"start":{"line":15,"column":54},"end":{"line":15,"column":66}},"type":"default-arg","locations":[{"start":{"line":15,"column":62},"end":{"line":15,"column":66}}]},"2":{"loc":{"start":{"line":19,"column":2},"end":{"line":57,"column":3}},"type":"if","locations":[{"start":{"line":19,"column":2},"end":{"line":57,"column":3}}]},"3":{"loc":{"start":{"line":21,"column":4},"end":{"line":34,"column":5}},"type":"if","locations":[{"start":{"line":21,"column":4},"end":{"line":34,"column":5}},{"start":{"line":23,"column":11},"end":{"line":34,"column":5}}]},"4":{"loc":{"start":{"line":24,"column":6},"end":{"line":33,"column":7}},"type":"if","locations":[{"start":{"line":24,"column":6},"end":{"line":33,"column":7}},{"start":{"line":26,"column":13},"end":{"line":33,"column":7}}]},"5":{"loc":{"start":{"line":27,"column":8},"end":{"line":30,"column":9}},"type":"if","locations":[{"start":{"line":27,"column":8},"end":{"line":30,"column":9}}]},"6":{"loc":{"start":{"line":38,"column":6},"end":{"line":55,"column":7}},"type":"if","locations":[{"start":{"line":38,"column":6},"end":{"line":55,"column":7}},{"start":{"line":44,"column":13},"end":{"line":55,"column":7}}]},"7":{"loc":{"start":{"line":40,"column":8},"end":{"line":42,"column":9}},"type":"if","locations":[{"start":{"line":40,"column":8},"end":{"line":42,"column":9}}]},"8":{"loc":{"start":{"line":45,"column":8},"end":{"line":54,"column":9}},"type":"if","locations":[{"start":{"line":45,"column":8},"end":{"line":54,"column":9}},{"start":{"line":52,"column":15},"end":{"line":54,"column":9}}]},"9":{"loc":{"start":{"line":46,"column":10},"end":{"line":50,"column":11}},"type":"if","locations":[{"start":{"line":46,"column":10},"end":{"line":50,"column":11}}]},"10":{"loc":{"start":{"line":76,"column":2},"end":{"line":76,"column":35}},"type":"default-arg","locations":[{"start":{"line":76,"column":12},"end":{"line":76,"column":35}}]},"11":{"loc":{"start":{"line":77,"column":2},"end":{"line":77,"column":20}},"type":"default-arg","locations":[{"start":{"line":77,"column":18},"end":{"line":77,"column":20}}]},"12":{"loc":{"start":{"line":78,"column":2},"end":{"line":78,"column":11}},"type":"default-arg","locations":[{"start":{"line":78,"column":10},"end":{"line":78,"column":11}}]},"13":{"loc":{"start":{"line":82,"column":2},"end":{"line":133,"column":3}},"type":"if","locations":[{"start":{"line":82,"column":2},"end":{"line":133,"column":3}}]},"14":{"loc":{"start":{"line":85,"column":4},"end":{"line":88,"column":5}},"type":"if","locations":[{"start":{"line":85,"column":4},"end":{"line":88,"column":5}}]},"15":{"loc":{"start":{"line":90,"column":6},"end":{"line":125,"column":7}},"type":"if","locations":[{"start":{"line":90,"column":6},"end":{"line":125,"column":7}},{"start":{"line":98,"column":13},"end":{"line":125,"column":7}}]},"16":{"loc":{"start":{"line":90,"column":10},"end":{"line":90,"column":75}},"type":"binary-expr","locations":[{"start":{"line":90,"column":10},"end":{"line":90,"column":22}},{"start":{"line":90,"column":26},"end":{"line":90,"column":49}},{"start":{"line":90,"column":53},"end":{"line":90,"column":75}}]},"17":{"loc":{"start":{"line":100,"column":10},"end":{"line":100,"column":87}},"type":"cond-expr","locations":[{"start":{"line":100,"column":75},"end":{"line":100,"column":79}},{"start":{"line":100,"column":82},"end":{"line":100,"column":87}}]},"18":{"loc":{"start":{"line":100,"column":10},"end":{"line":100,"column":72}},"type":"binary-expr","locations":[{"start":{"line":100,"column":10},"end":{"line":100,"column":17}},{"start":{"line":100,"column":21},"end":{"line":100,"column":40}},{"start":{"line":100,"column":44},"end":{"line":100,"column":72}}]},"19":{"loc":{"start":{"line":102,"column":10},"end":{"line":102,"column":91}},"type":"cond-expr","locations":[{"start":{"line":102,"column":79},"end":{"line":102,"column":83}},{"start":{"line":102,"column":86},"end":{"line":102,"column":91}}]},"20":{"loc":{"start":{"line":102,"column":10},"end":{"line":102,"column":76}},"type":"binary-expr","locations":[{"start":{"line":102,"column":10},"end":{"line":102,"column":17}},{"start":{"line":102,"column":21},"end":{"line":102,"column":42}},{"start":{"line":102,"column":46},"end":{"line":102,"column":76}}]},"21":{"loc":{"start":{"line":103,"column":39},"end":{"line":103,"column":70}},"type":"cond-expr","locations":[{"start":{"line":103,"column":62},"end":{"line":103,"column":65}},{"start":{"line":103,"column":68},"end":{"line":103,"column":70}}]},"22":{"loc":{"start":{"line":103,"column":39},"end":{"line":103,"column":59}},"type":"binary-expr","locations":[{"start":{"line":103,"column":39},"end":{"line":103,"column":49}},{"start":{"line":103,"column":53},"end":{"line":103,"column":59}}]},"23":{"loc":{"start":{"line":104,"column":8},"end":{"line":106,"column":9}},"type":"if","locations":[{"start":{"line":104,"column":8},"end":{"line":106,"column":9}}]},"24":{"loc":{"start":{"line":104,"column":12},"end":{"line":104,"column":60}},"type":"binary-expr","locations":[{"start":{"line":104,"column":12},"end":{"line":104,"column":26}},{"start":{"line":104,"column":30},"end":{"line":104,"column":60}}]},"25":{"loc":{"start":{"line":107,"column":8},"end":{"line":124,"column":9}},"type":"if","locations":[{"start":{"line":107,"column":8},"end":{"line":124,"column":9}},{"start":{"line":121,"column":15},"end":{"line":124,"column":9}}]},"26":{"loc":{"start":{"line":108,"column":10},"end":{"line":118,"column":11}},"type":"if","locations":[{"start":{"line":108,"column":10},"end":{"line":118,"column":11}},{"start":{"line":110,"column":17},"end":{"line":118,"column":11}}]},"27":{"loc":{"start":{"line":111,"column":12},"end":{"line":117,"column":13}},"type":"if","locations":[{"start":{"line":111,"column":12},"end":{"line":117,"column":13}},{"start":{"line":113,"column":19},"end":{"line":117,"column":13}}]},"28":{"loc":{"start":{"line":114,"column":14},"end":{"line":116,"column":15}},"type":"if","locations":[{"start":{"line":114,"column":14},"end":{"line":116,"column":15}}]},"29":{"loc":{"start":{"line":128,"column":4},"end":{"line":130,"column":5}},"type":"if","locations":[{"start":{"line":128,"column":4},"end":{"line":130,"column":5}}]},"30":{"loc":{"start":{"line":128,"column":8},"end":{"line":128,"column":41}},"type":"binary-expr","locations":[{"start":{"line":128,"column":8},"end":{"line":128,"column":19}},{"start":{"line":128,"column":23},"end":{"line":128,"column":41}}]}},"s":{"0":21,"1":21,"2":21,"3":21,"4":19,"5":19,"6":4,"7":15,"8":1,"9":14,"10":13,"11":13,"12":1,"13":1,"14":6,"15":13,"16":13,"17":13,"18":4,"19":4,"20":2,"21":4,"22":9,"23":1,"24":1,"25":1,"26":1,"27":1,"28":8,"29":8,"30":8,"31":12,"32":12,"33":12,"34":11,"35":11,"36":11,"37":4,"38":4,"39":11,"40":17,"41":4,"42":4,"43":13,"44":13,"45":13,"46":13,"47":0,"48":13,"49":13,"50":2,"51":11,"52":1,"53":10,"54":0,"55":13,"56":13,"57":0,"58":0,"59":11,"60":11,"61":6,"62":11,"63":11,"64":1,"65":1},"f":{"0":21,"1":13,"2":12,"3":17},"b":{"0":[0],"1":[8],"2":[19],"3":[4,15],"4":[1,14],"5":[13],"6":[4,9],"7":[2],"8":[1,8],"9":[1],"10":[6],"11":[8],"12":[8],"13":[11],"14":[4],"15":[4,13],"16":[17,17,6],"17":[0,13],"18":[13,13,0],"19":[13,0],"20":[13,13,13],"21":[7,6],"22":[13,6],"23":[0],"24":[13,0],"25":[13,0],"26":[2,11],"27":[1,10],"28":[0],"29":[6],"30":[11,7]}}
,"/Users/jeromeklam/GitHub/api-tools/src/tools/utils.js": {"path":"/Users/jeromeklam/GitHub/api-tools/src/tools/utils.js","statementMap":{"0":{"start":{"line":4,"column":19},"end":{"line":4,"column":36}},"1":{"start":{"line":5,"column":18},"end":{"line":5,"column":37}},"2":{"start":{"line":6,"column":18},"end":{"line":6,"column":41}},"3":{"start":{"line":7,"column":19},"end":{"line":7,"column":26}},"4":{"start":{"line":8,"column":26},"end":{"line":8,"column":73}},"5":{"start":{"line":9,"column":26},"end":{"line":9,"column":35}},"6":{"start":{"line":18,"column":2},"end":{"line":20,"column":3}},"7":{"start":{"line":19,"column":4},"end":{"line":19,"column":44}},"8":{"start":{"line":21,"column":20},"end":{"line":27,"column":44}},"9":{"start":{"line":28,"column":2},"end":{"line":28,"column":19}},"10":{"start":{"line":38,"column":21},"end":{"line":45,"column":3}},"11":{"start":{"line":47,"column":15},"end":{"line":47,"column":39}},"12":{"start":{"line":48,"column":15},"end":{"line":48,"column":39}},"13":{"start":{"line":49,"column":16},"end":{"line":49,"column":39}},"14":{"start":{"line":50,"column":12},"end":{"line":50,"column":48}},"15":{"start":{"line":51,"column":17},"end":{"line":51,"column":58}},"16":{"start":{"line":52,"column":20},"end":{"line":54,"column":3}},"17":{"start":{"line":55,"column":20},"end":{"line":57,"column":3}},"18":{"start":{"line":58,"column":20},"end":{"line":60,"column":3}},"19":{"start":{"line":61,"column":20},"end":{"line":63,"column":3}},"20":{"start":{"line":64,"column":20},"end":{"line":66,"column":3}},"21":{"start":{"line":67,"column":20},"end":{"line":69,"column":3}},"22":{"start":{"line":70,"column":20},"end":{"line":72,"column":3}},"23":{"start":{"line":73,"column":18},"end":{"line":73,"column":38}},"24":{"start":{"line":74,"column":17},"end":{"line":74,"column":75}},"25":{"start":{"line":76,"column":20},"end":{"line":76,"column":44}},"26":{"start":{"line":77,"column":19},"end":{"line":77,"column":44}},"27":{"start":{"line":80,"column":2},"end":{"line":80,"column":31}},"28":{"start":{"line":91,"column":2},"end":{"line":93,"column":3}},"29":{"start":{"line":92,"column":4},"end":{"line":92,"column":15}},"30":{"start":{"line":94,"column":2},"end":{"line":96,"column":3}},"31":{"start":{"line":95,"column":4},"end":{"line":95,"column":35}},"32":{"start":{"line":97,"column":2},"end":{"line":103,"column":3}},"33":{"start":{"line":98,"column":18},"end":{"line":98,"column":40}},"34":{"start":{"line":99,"column":4},"end":{"line":101,"column":6}},"35":{"start":{"line":100,"column":16},"end":{"line":100,"column":90}},"36":{"start":{"line":102,"column":4},"end":{"line":102,"column":89}},"37":{"start":{"line":104,"column":2},"end":{"line":104,"column":13}},"38":{"start":{"line":122,"column":15},"end":{"line":122,"column":17}},"39":{"start":{"line":123,"column":14},"end":{"line":123,"column":18}},"40":{"start":{"line":124,"column":2},"end":{"line":157,"column":3}},"41":{"start":{"line":125,"column":18},"end":{"line":125,"column":50}},"42":{"start":{"line":126,"column":18},"end":{"line":126,"column":50}},"43":{"start":{"line":128,"column":4},"end":{"line":149,"column":7}},"44":{"start":{"line":130,"column":6},"end":{"line":148,"column":7}},"45":{"start":{"line":132,"column":8},"end":{"line":132,"column":30}},"46":{"start":{"line":133,"column":8},"end":{"line":133,"column":22}},"47":{"start":{"line":134,"column":13},"end":{"line":148,"column":7}},"48":{"start":{"line":135,"column":8},"end":{"line":147,"column":9}},"49":{"start":{"line":137,"column":25},"end":{"line":137,"column":61}},"50":{"start":{"line":138,"column":10},"end":{"line":141,"column":11}},"51":{"start":{"line":139,"column":12},"end":{"line":139,"column":38}},"52":{"start":{"line":140,"column":12},"end":{"line":140,"column":26}},"53":{"start":{"line":143,"column":25},"end":{"line":143,"column":34}},"54":{"start":{"line":144,"column":25},"end":{"line":144,"column":34}},"55":{"start":{"line":145,"column":10},"end":{"line":145,"column":39}},"56":{"start":{"line":146,"column":10},"end":{"line":146,"column":24}},"57":{"start":{"line":150,"column":4},"end":{"line":156,"column":7}},"58":{"start":{"line":152,"column":6},"end":{"line":155,"column":7}},"59":{"start":{"line":153,"column":8},"end":{"line":153,"column":30}},"60":{"start":{"line":154,"column":8},"end":{"line":154,"column":22}},"61":{"start":{"line":158,"column":2},"end":{"line":160,"column":3}},"62":{"start":{"line":159,"column":4},"end":{"line":159,"column":16}},"63":{"start":{"line":161,"column":2},"end":{"line":161,"column":21}}},"fnMap":{"0":{"name":"sanitize","decl":{"start":{"line":17,"column":16},"end":{"line":17,"column":24}},"loc":{"start":{"line":17,"column":51},"end":{"line":29,"column":1}}},"1":{"name":"lambert93toWGPS","decl":{"start":{"line":37,"column":16},"end":{"line":37,"column":31}},"loc":{"start":{"line":37,"column":52},"end":{"line":81,"column":1}}},"2":{"name":"deepClone","decl":{"start":{"line":90,"column":16},"end":{"line":90,"column":25}},"loc":{"start":{"line":90,"column":31},"end":{"line":105,"column":1}}},"3":{"name":"(anonymous_3)","decl":{"start":{"line":100,"column":6},"end":{"line":100,"column":7}},"loc":{"start":{"line":100,"column":16},"end":{"line":100,"column":90}}},"4":{"name":"deepCompare","decl":{"start":{"line":121,"column":16},"end":{"line":121,"column":27}},"loc":{"start":{"line":121,"column":58},"end":{"line":162,"column":null}}},"5":{"name":"(anonymous_5)","decl":{"start":{"line":128,"column":18},"end":{"line":128,"column":19}},"loc":{"start":{"line":128,"column":27},"end":{"line":149,"column":5}}},"6":{"name":"(anonymous_6)","decl":{"start":{"line":150,"column":18},"end":{"line":150,"column":19}},"loc":{"start":{"line":150,"column":27},"end":{"line":156,"column":5}}}},"branchMap":{"0":{"loc":{"start":{"line":17,"column":32},"end":{"line":17,"column":49}},"type":"default-arg","locations":[{"start":{"line":17,"column":46},"end":{"line":17,"column":49}}]},"1":{"loc":{"start":{"line":18,"column":2},"end":{"line":20,"column":3}},"type":"if","locations":[{"start":{"line":18,"column":2},"end":{"line":20,"column":3}}]},"2":{"loc":{"start":{"line":91,"column":2},"end":{"line":93,"column":3}},"type":"if","locations":[{"start":{"line":91,"column":2},"end":{"line":93,"column":3}}]},"3":{"loc":{"start":{"line":91,"column":6},"end":{"line":91,"column":45}},"type":"binary-expr","locations":[{"start":{"line":91,"column":6},"end":{"line":91,"column":29}},{"start":{"line":91,"column":33},"end":{"line":91,"column":45}}]},"4":{"loc":{"start":{"line":94,"column":2},"end":{"line":96,"column":3}},"type":"if","locations":[{"start":{"line":94,"column":2},"end":{"line":96,"column":3}}]},"5":{"loc":{"start":{"line":97,"column":2},"end":{"line":103,"column":3}},"type":"if","locations":[{"start":{"line":97,"column":2},"end":{"line":103,"column":3}}]},"6":{"loc":{"start":{"line":97,"column":6},"end":{"line":97,"column":51}},"type":"binary-expr","locations":[{"start":{"line":97,"column":6},"end":{"line":97,"column":29}},{"start":{"line":97,"column":33},"end":{"line":97,"column":51}}]},"7":{"loc":{"start":{"line":100,"column":29},"end":{"line":100,"column":90}},"type":"cond-expr","locations":[{"start":{"line":100,"column":60},"end":{"line":100,"column":79}},{"start":{"line":100,"column":82},"end":{"line":100,"column":90}}]},"8":{"loc":{"start":{"line":102,"column":11},"end":{"line":102,"column":88}},"type":"cond-expr","locations":[{"start":{"line":102,"column":32},"end":{"line":102,"column":80}},{"start":{"line":102,"column":83},"end":{"line":102,"column":88}}]},"9":{"loc":{"start":{"line":102,"column":32},"end":{"line":102,"column":80}},"type":"binary-expr","locations":[{"start":{"line":102,"column":33},"end":{"line":102,"column":58}},{"start":{"line":102,"column":63},"end":{"line":102,"column":80}}]},"10":{"loc":{"start":{"line":121,"column":40},"end":{"line":121,"column":56}},"type":"default-arg","locations":[{"start":{"line":121,"column":54},"end":{"line":121,"column":56}}]},"11":{"loc":{"start":{"line":124,"column":2},"end":{"line":157,"column":3}},"type":"if","locations":[{"start":{"line":124,"column":2},"end":{"line":157,"column":3}}]},"12":{"loc":{"start":{"line":124,"column":6},"end":{"line":124,"column":18}},"type":"binary-expr","locations":[{"start":{"line":124,"column":6},"end":{"line":124,"column":10}},{"start":{"line":124,"column":14},"end":{"line":124,"column":18}}]},"13":{"loc":{"start":{"line":130,"column":6},"end":{"line":148,"column":7}},"type":"if","locations":[{"start":{"line":130,"column":6},"end":{"line":148,"column":7}},{"start":{"line":134,"column":13},"end":{"line":148,"column":7}}]},"14":{"loc":{"start":{"line":134,"column":13},"end":{"line":148,"column":7}},"type":"if","locations":[{"start":{"line":134,"column":13},"end":{"line":148,"column":7}}]},"15":{"loc":{"start":{"line":135,"column":8},"end":{"line":147,"column":9}},"type":"if","locations":[{"start":{"line":135,"column":8},"end":{"line":147,"column":9}},{"start":{"line":142,"column":15},"end":{"line":147,"column":9}}]},"16":{"loc":{"start":{"line":135,"column":12},"end":{"line":135,"column":74}},"type":"binary-expr","locations":[{"start":{"line":135,"column":12},"end":{"line":135,"column":41}},{"start":{"line":135,"column":45},"end":{"line":135,"column":74}}]},"17":{"loc":{"start":{"line":138,"column":10},"end":{"line":141,"column":11}},"type":"if","locations":[{"start":{"line":138,"column":10},"end":{"line":141,"column":11}}]},"18":{"loc":{"start":{"line":152,"column":6},"end":{"line":155,"column":7}},"type":"if","locations":[{"start":{"line":152,"column":6},"end":{"line":155,"column":7}}]},"19":{"loc":{"start":{"line":152,"column":10},"end":{"line":152,"column":56}},"type":"binary-expr","locations":[{"start":{"line":152,"column":10},"end":{"line":152,"column":20}},{"start":{"line":152,"column":24},"end":{"line":152,"column":56}}]},"20":{"loc":{"start":{"line":158,"column":2},"end":{"line":160,"column":3}},"type":"if","locations":[{"start":{"line":158,"column":2},"end":{"line":160,"column":3}}]}},"s":{"0":2,"1":2,"2":2,"3":2,"4":2,"5":2,"6":1,"7":0,"8":1,"9":1,"10":2,"11":2,"12":2,"13":2,"14":2,"15":2,"16":2,"17":2,"18":2,"19":2,"20":2,"21":2,"22":2,"23":2,"24":2,"25":2,"26":2,"27":2,"28":6,"29":2,"30":4,"31":1,"32":3,"33":3,"34":3,"35":5,"36":3,"37":0,"38":3,"39":3,"40":3,"41":2,"42":2,"43":2,"44":1,"45":1,"46":1,"47":0,"48":0,"49":0,"50":0,"51":0,"52":0,"53":0,"54":0,"55":0,"56":0,"57":2,"58":1,"59":1,"60":1,"61":3,"62":1,"63":2},"f":{"0":1,"1":2,"2":6,"3":5,"4":3,"5":1,"6":1},"b":{"0":[1],"1":[0],"2":[2],"3":[6,5],"4":[1],"5":[3],"6":[3,0],"7":[1,4],"8":[1,2],"9":[1,1],"10":[0],"11":[2],"12":[3,2],"13":[1,0],"14":[0],"15":[0,0],"16":[0,0],"17":[0],"18":[1],"19":[1,1],"20":[1]}}
}
