TN:
SF:src/json-api/jsonapi.js
FN:15,getNewJsonApi
FN:40,getJsonApi
FN:67,(anonymous_2)
FN:67,(anonymous_3)
FN:76,getJsonApiWithRelationships
FN:91,getJsonApiAttributes
FN:95,(anonymous_6)
FN:114,getJsonApiRelationships
FN:118,(anonymous_8)
FN:122,(anonymous_9)
FN:149,getJsonApiIncluded
FN:153,(anonymous_11)
FN:156,(anonymous_12)
FN:157,(anonymous_13)
FN:173,(anonymous_14)
FN:197,addRelationships
FNF:16
FNH:11
FNDA:6,getNewJsonApi
FNDA:6,getJsonApi
FNDA:1,(anonymous_2)
FNDA:1,(anonymous_3)
FNDA:0,getJsonApiWithRelationships
FNDA:6,getJsonApiAttributes
FNDA:15,(anonymous_6)
FNDA:6,getJsonApiRelationships
FNDA:15,(anonymous_8)
FNDA:0,(anonymous_9)
FNDA:6,getJsonApiIncluded
FNDA:15,(anonymous_11)
FNDA:0,(anonymous_12)
FNDA:0,(anonymous_13)
FNDA:1,(anonymous_14)
FNDA:0,addRelationships
DA:16,6
DA:17,6
DA:18,3
DA:20,3
DA:22,6
DA:41,6
DA:42,6
DA:43,6
DA:44,5
DA:45,0
DA:47,5
DA:48,5
DA:49,0
DA:53,6
DA:54,6
DA:55,6
DA:56,6
DA:63,6
DA:64,3
DA:66,6
DA:67,1
DA:68,1
DA:70,6
DA:77,0
DA:85,0
DA:92,6
DA:93,6
DA:94,5
DA:95,5
DA:96,15
DA:97,7
DA:98,7
DA:99,4
DA:100,4
DA:101,4
DA:108,6
DA:115,6
DA:116,6
DA:117,5
DA:118,5
DA:119,15
DA:120,15
DA:121,0
DA:122,0
DA:123,0
DA:128,15
DA:129,3
DA:130,3
DA:131,1
DA:133,3
DA:143,6
DA:150,6
DA:151,6
DA:152,5
DA:153,5
DA:154,15
DA:155,15
DA:156,0
DA:157,0
DA:159,0
DA:160,0
DA:161,0
DA:162,0
DA:163,0
DA:164,0
DA:167,0
DA:168,0
DA:172,15
DA:173,2
DA:175,2
DA:176,1
DA:177,1
DA:178,1
DA:179,0
DA:180,0
DA:183,1
DA:184,1
DA:191,6
DA:198,0
DA:199,0
DA:200,0
DA:201,0
LF:82
LH:59
BRDA:15,0,0,0
BRDA:15,1,0,6
BRDA:17,2,0,3
BRDA:17,2,1,3
BRDA:17,3,0,6
BRDA:17,3,1,5
BRDA:17,3,2,4
BRDA:20,4,0,0
BRDA:20,4,1,3
BRDA:40,5,0,0
BRDA:40,6,0,5
BRDA:43,7,0,5
BRDA:44,8,0,0
BRDA:44,9,0,5
BRDA:44,9,1,0
BRDA:47,10,0,5
BRDA:47,10,1,1
BRDA:48,11,0,0
BRDA:63,12,0,3
BRDA:66,13,0,1
BRDA:66,14,0,6
BRDA:66,14,1,6
BRDA:67,15,0,1
BRDA:67,15,1,1
BRDA:93,16,0,5
BRDA:96,17,0,7
BRDA:96,18,0,15
BRDA:96,18,1,15
BRDA:96,18,2,11
BRDA:97,19,0,7
BRDA:98,20,0,4
BRDA:98,21,0,7
BRDA:98,21,1,7
BRDA:98,21,2,4
BRDA:99,22,0,4
BRDA:99,23,0,4
BRDA:99,23,1,4
BRDA:99,23,2,0
BRDA:99,23,3,0
BRDA:114,24,0,6
BRDA:116,25,0,5
BRDA:119,26,0,15
BRDA:120,27,0,0
BRDA:120,27,1,15
BRDA:128,28,0,3
BRDA:128,29,0,15
BRDA:128,29,1,15
BRDA:128,29,2,3
BRDA:128,29,3,3
BRDA:130,30,0,1
BRDA:130,31,0,3
BRDA:130,31,1,2
BRDA:149,32,0,0
BRDA:149,33,0,6
BRDA:151,34,0,5
BRDA:154,35,0,15
BRDA:155,36,0,0
BRDA:155,36,1,15
BRDA:157,37,0,0
BRDA:157,37,1,0
BRDA:159,38,0,0
BRDA:162,39,0,0
BRDA:167,40,0,0
BRDA:167,41,0,0
BRDA:167,41,1,0
BRDA:167,41,2,0
BRDA:172,42,0,2
BRDA:172,43,0,15
BRDA:172,43,1,15
BRDA:172,43,2,3
BRDA:172,43,3,2
BRDA:173,44,0,1
BRDA:173,44,1,1
BRDA:175,45,0,1
BRDA:178,46,0,0
BRDA:183,47,0,1
BRDA:183,48,0,1
BRDA:183,48,1,1
BRDA:183,48,2,1
BRF:79
BRH:59
end_of_record
TN:
SF:src/json-api/model.js
FN:15,uniqueId
FN:29,setModelValue
FN:54,getNewModel
FN:76,isEmptyModel
FN:92,buildModelRelationship
FN:106,(anonymous_5)
FN:127,(anonymous_6)
FN:153,normalizedObjectModeler
FN:176,(anonymous_8)
FN:179,(anonymous_9)
FN:196,(anonymous_10)
FN:203,(anonymous_11)
FN:206,(anonymous_12)
FN:219,(anonymous_13)
FN:235,(anonymous_14)
FN:257,normalizedObjectFirstModel
FNF:16
FNH:8
FNDA:11,uniqueId
FNDA:3,setModelValue
FNDA:3,getNewModel
FNDA:4,isEmptyModel
FNDA:0,buildModelRelationship
FNDA:0,(anonymous_5)
FNDA:0,(anonymous_6)
FNDA:12,normalizedObjectModeler
FNDA:7,(anonymous_8)
FNDA:0,(anonymous_9)
FNDA:9,(anonymous_10)
FNDA:0,(anonymous_11)
FNDA:0,(anonymous_12)
FNDA:0,(anonymous_13)
FNDA:0,(anonymous_14)
FNDA:1,normalizedObjectFirstModel
DA:16,11
DA:17,1
DA:19,10
DA:30,3
DA:31,1
DA:33,3
DA:34,3
DA:35,3
DA:36,3
DA:37,4
DA:38,1
DA:40,4
DA:42,3
DA:55,3
DA:56,3
DA:57,3
DA:59,3
DA:63,3
DA:64,1
DA:66,2
DA:77,4
DA:78,1
DA:80,3
DA:81,2
DA:83,1
DA:84,0
DA:86,1
DA:101,0
DA:102,0
DA:103,0
DA:104,0
DA:105,0
DA:107,0
DA:110,0
DA:111,0
DA:113,0
DA:125,0
DA:126,0
DA:128,0
DA:132,0
DA:133,0
DA:137,0
DA:162,12
DA:168,12
DA:169,12
DA:170,12
DA:171,0
DA:173,12
DA:174,3
DA:175,3
DA:176,7
DA:178,0
DA:179,0
DA:181,9
DA:182,9
DA:183,9
DA:184,9
DA:185,0
DA:186,0
DA:188,9
DA:189,9
DA:190,9
DA:191,0
DA:193,9
DA:194,9
DA:196,9
DA:197,9
DA:199,9
DA:200,9
DA:202,9
DA:203,9
DA:204,9
DA:205,0
DA:206,0
DA:207,0
DA:208,0
DA:218,0
DA:220,0
DA:221,0
DA:222,0
DA:224,0
DA:233,0
DA:236,0
DA:237,0
DA:243,9
DA:244,0
DA:246,9
DA:258,1
DA:259,1
DA:260,1
DA:262,0
LF:91
LH:55
BRDA:16,0,0,1
BRDA:30,1,0,1
BRDA:37,2,0,1
BRDA:54,3,0,2
BRDA:56,4,0,3
BRDA:56,5,0,3
BRDA:56,5,1,3
BRDA:63,6,0,1
BRDA:77,7,0,1
BRDA:80,8,0,2
BRDA:83,9,0,0
BRDA:83,10,0,1
BRDA:83,10,1,1
BRDA:83,10,2,1
BRDA:98,11,0,0
BRDA:99,12,0,0
BRDA:103,13,0,0
BRDA:104,14,0,0
BRDA:104,14,1,0
BRDA:107,15,0,0
BRDA:107,15,1,0
BRDA:110,16,0,0
BRDA:114,17,0,0
BRDA:114,17,1,0
BRDA:125,18,0,0
BRDA:128,19,0,0
BRDA:128,19,1,0
BRDA:132,20,0,0
BRDA:132,21,0,0
BRDA:132,21,1,0
BRDA:156,22,0,3
BRDA:157,23,0,5
BRDA:158,24,0,5
BRDA:159,25,0,5
BRDA:160,26,0,12
BRDA:170,27,0,0
BRDA:170,28,0,12
BRDA:170,28,1,12
BRDA:173,29,0,3
BRDA:173,30,0,12
BRDA:173,30,1,5
BRDA:173,30,2,9
BRDA:174,31,0,3
BRDA:178,32,0,0
BRDA:178,32,1,0
BRDA:184,33,0,0
BRDA:184,34,0,9
BRDA:184,34,1,0
BRDA:190,35,0,0
BRDA:193,36,0,9
BRDA:193,37,0,9
BRDA:193,37,1,9
BRDA:199,38,0,9
BRDA:199,39,0,9
BRDA:199,39,1,9
BRDA:203,40,0,0
BRDA:203,40,1,0
BRDA:204,41,0,0
BRDA:204,42,0,9
BRDA:204,42,1,0
BRDA:207,43,0,0
BRDA:207,43,1,0
BRDA:221,44,0,0
BRDA:243,45,0,0
BRDA:243,46,0,9
BRDA:243,46,1,9
BRDA:259,47,0,1
BRDA:259,48,0,1
BRDA:259,48,1,1
BRF:69
BRH:38
end_of_record
TN:
SF:src/json-api/normalizer.js
FN:16,getNewNormalizedObject
FN:50,wrap
FN:65,extractRelationships
FN:67,(anonymous_4)
FN:73,(anonymous_5)
FN:86,(anonymous_6)
FN:103,extractErrors
FN:106,(anonymous_8)
FN:125,extractEntities
FN:129,(anonymous_10)
FN:153,(anonymous_11)
FN:161,(anonymous_12)
FN:187,doFilterEndpoint
FN:196,extractMetaData
FN:212,(anonymous_15)
FN:240,normalizedObjectUpdate
FN:256,(anonymous_17)
FN:264,(anonymous_18)
FN:278,(anonymous_19)
FN:288,(anonymous_20)
FN:289,(anonymous_21)
FN:295,(anonymous_22)
FN:309,(anonymous_23)
FN:310,(anonymous_24)
FN:316,(anonymous_25)
FN:339,normalizedObjectRemove
FN:346,(anonymous_27)
FN:373,jsonApiNormalizer
FNF:28
FNH:15
FNDA:4,getNewNormalizedObject
FNDA:7,wrap
FNDA:0,extractRelationships
FNDA:0,(anonymous_4)
FNDA:0,(anonymous_5)
FNDA:0,(anonymous_6)
FNDA:6,extractErrors
FNDA:4,(anonymous_8)
FNDA:5,extractEntities
FNDA:6,(anonymous_10)
FNDA:0,(anonymous_11)
FNDA:0,(anonymous_12)
FNDA:0,doFilterEndpoint
FNDA:0,extractMetaData
FNDA:0,(anonymous_15)
FNDA:7,normalizedObjectUpdate
FNDA:2,(anonymous_17)
FNDA:1,(anonymous_18)
FNDA:0,(anonymous_19)
FNDA:0,(anonymous_20)
FNDA:0,(anonymous_21)
FNDA:0,(anonymous_22)
FNDA:2,(anonymous_23)
FNDA:2,(anonymous_24)
FNDA:1,(anonymous_25)
FNDA:4,normalizedObjectRemove
FNDA:1,(anonymous_27)
FNDA:8,jsonApiNormalizer
DA:17,4
DA:18,4
DA:19,4
DA:20,4
DA:21,1
DA:22,1
DA:23,1
DA:25,3
DA:26,3
DA:27,3
DA:28,3
DA:29,3
DA:30,3
DA:31,1
DA:32,1
DA:33,1
DA:37,1
DA:39,3
DA:40,3
DA:41,3
DA:42,3
DA:51,7
DA:52,2
DA:54,5
DA:56,2
DA:57,2
DA:66,0
DA:67,0
DA:68,0
DA:69,0
DA:70,0
DA:71,0
DA:72,0
DA:73,0
DA:77,0
DA:78,0
DA:83,0
DA:85,0
DA:86,0
DA:91,0
DA:92,0
DA:95,0
DA:104,6
DA:105,6
DA:106,4
DA:107,4
DA:108,4
DA:109,1
DA:111,4
DA:114,6
DA:116,2
DA:117,2
DA:126,5
DA:127,5
DA:128,5
DA:129,5
DA:130,6
DA:131,6
DA:132,0
DA:134,6
DA:135,6
DA:136,6
DA:137,6
DA:139,0
DA:140,0
DA:142,0
DA:143,0
DA:146,6
DA:147,6
DA:150,6
DA:151,6
DA:152,0
DA:153,0
DA:154,0
DA:157,6
DA:159,6
DA:160,0
DA:161,0
DA:162,0
DA:165,6
DA:166,0
DA:168,6
DA:169,6
DA:170,6
DA:174,5
DA:175,5
DA:176,5
DA:178,5
DA:179,5
DA:188,0
DA:197,0
DA:198,0
DA:200,0
DA:201,0
DA:202,0
DA:203,0
DA:204,0
DA:206,0
DA:207,0
DA:209,0
DA:210,0
DA:211,0
DA:212,0
DA:213,0
DA:214,0
DA:215,0
DA:217,0
DA:219,0
DA:220,0
DA:221,0
DA:222,0
DA:224,0
DA:225,0
DA:228,0
DA:241,7
DA:242,0
DA:244,7
DA:245,1
DA:247,7
DA:248,2
DA:249,2
DA:250,2
DA:251,2
DA:254,2
DA:255,2
DA:256,2
DA:257,2
DA:258,1
DA:259,1
DA:260,0
DA:261,0
DA:263,1
DA:264,1
DA:265,1
DA:266,0
DA:268,1
DA:271,1
DA:272,1
DA:273,1
DA:274,1
DA:275,1
DA:277,1
DA:278,0
DA:279,0
DA:280,0
DA:282,0
DA:288,0
DA:289,0
DA:290,0
DA:292,0
DA:293,0
DA:294,0
DA:295,0
DA:296,0
DA:297,0
DA:299,0
DA:302,0
DA:304,0
DA:307,2
DA:308,5
DA:309,2
DA:310,2
DA:311,2
DA:313,2
DA:314,2
DA:315,2
DA:316,1
DA:317,1
DA:318,0
DA:320,1
DA:323,2
DA:327,7
DA:340,4
DA:341,0
DA:343,4
DA:344,1
DA:345,1
DA:346,1
DA:347,1
DA:348,1
DA:349,1
DA:350,1
DA:351,1
DA:356,1
DA:358,4
DA:374,8
DA:375,8
DA:376,8
DA:377,1
DA:378,1
DA:380,7
DA:381,7
DA:382,7
DA:383,7
DA:385,7
DA:386,7
DA:388,7
DA:389,5
DA:390,5
DA:391,5
DA:392,5
DA:393,0
DA:396,7
DA:397,2
DA:398,2
DA:400,7
DA:401,0
DA:402,0
DA:404,7
DA:405,0
DA:406,0
DA:408,7
DA:409,5
DA:410,5
DA:412,7
DA:413,7
DA:414,1
DA:416,7
DA:417,7
LF:219
LH:139
BRDA:16,0,0,1
BRDA:16,1,0,3
BRDA:20,2,0,1
BRDA:30,3,0,1
BRDA:30,4,0,3
BRDA:30,4,1,1
BRDA:31,5,0,0
BRDA:31,5,1,1
BRDA:51,6,0,2
BRDA:56,7,0,2
BRDA:69,8,0,0
BRDA:69,8,1,0
BRDA:71,9,0,0
BRDA:71,9,1,0
BRDA:72,10,0,0
BRDA:72,10,1,0
BRDA:75,11,0,0
BRDA:75,11,1,0
BRDA:77,12,0,0
BRDA:77,12,1,0
BRDA:80,13,0,0
BRDA:80,13,1,0
BRDA:85,14,0,0
BRDA:88,15,0,0
BRDA:88,15,1,0
BRDA:91,16,0,0
BRDA:103,17,0,4
BRDA:105,18,0,4
BRDA:108,19,0,1
BRDA:108,20,0,4
BRDA:108,20,1,1
BRDA:116,21,0,2
BRDA:125,22,0,0
BRDA:131,23,0,0
BRDA:134,24,0,6
BRDA:135,25,0,0
BRDA:135,25,1,6
BRDA:136,26,0,6
BRDA:136,26,1,0
BRDA:139,27,0,0
BRDA:142,28,0,0
BRDA:146,29,0,6
BRDA:146,29,1,3
BRDA:147,30,0,6
BRDA:147,30,1,6
BRDA:150,31,0,6
BRDA:150,31,1,0
BRDA:150,32,0,6
BRDA:150,32,1,0
BRDA:151,33,0,0
BRDA:151,33,1,6
BRDA:159,34,0,0
BRDA:165,35,0,0
BRDA:168,36,0,6
BRDA:169,37,0,6
BRDA:169,37,1,3
BRDA:175,38,0,5
BRDA:200,39,0,0
BRDA:200,39,1,0
BRDA:210,40,0,0
BRDA:213,41,0,0
BRDA:213,41,1,0
BRDA:214,42,0,0
BRDA:220,43,0,0
BRDA:224,44,0,0
BRDA:240,45,0,6
BRDA:241,46,0,0
BRDA:241,47,0,7
BRDA:241,47,1,7
BRDA:244,48,0,1
BRDA:244,49,0,7
BRDA:244,49,1,3
BRDA:247,50,0,2
BRDA:247,50,1,5
BRDA:247,51,0,7
BRDA:247,51,1,3
BRDA:248,52,0,2
BRDA:248,53,0,2
BRDA:248,53,1,0
BRDA:250,54,0,2
BRDA:254,55,0,2
BRDA:254,55,1,0
BRDA:257,56,0,1
BRDA:257,56,1,1
BRDA:259,57,0,0
BRDA:259,58,0,1
BRDA:259,58,1,0
BRDA:259,58,2,0
BRDA:263,59,0,1
BRDA:265,60,0,0
BRDA:271,61,0,1
BRDA:273,62,0,1
BRDA:273,63,0,1
BRDA:273,63,1,1
BRDA:277,64,0,0
BRDA:279,65,0,0
BRDA:292,66,0,0
BRDA:294,67,0,0
BRDA:296,68,0,0
BRDA:308,69,0,2
BRDA:313,70,0,2
BRDA:315,71,0,1
BRDA:317,72,0,0
BRDA:340,73,0,0
BRDA:340,74,0,4
BRDA:340,74,1,4
BRDA:343,75,0,1
BRDA:343,76,0,4
BRDA:343,76,1,2
BRDA:344,77,0,1
BRDA:348,78,0,1
BRDA:350,79,0,1
BRDA:373,80,0,6
BRDA:373,81,0,8
BRDA:376,82,0,1
BRDA:382,83,0,7
BRDA:385,84,0,7
BRDA:388,85,0,5
BRDA:392,86,0,0
BRDA:396,87,0,2
BRDA:400,88,0,0
BRDA:404,89,0,0
BRDA:405,90,0,0
BRDA:405,90,1,0
BRDA:408,91,0,5
BRDA:408,92,0,7
BRDA:408,92,1,5
BRDA:412,93,0,5
BRDA:412,93,1,2
BRDA:413,94,0,1
BRDA:413,95,0,7
BRDA:413,95,1,1
BRF:132
BRH:77
end_of_record
TN:
SF:src/tools/url.js
FN:15,queryStringToObject
FN:35,(anonymous_2)
FN:74,objectToQueryString
FN:89,(anonymous_4)
FNF:4
FNH:4
FNDA:21,queryStringToObject
FNDA:13,(anonymous_2)
FNDA:12,objectToQueryString
FNDA:17,(anonymous_4)
DA:16,21
DA:17,21
DA:18,21
DA:19,21
DA:20,19
DA:21,19
DA:22,4
DA:24,15
DA:25,1
DA:27,14
DA:28,13
DA:29,13
DA:31,1
DA:32,1
DA:35,6
DA:36,13
DA:37,13
DA:38,13
DA:39,4
DA:40,4
DA:41,2
DA:43,4
DA:45,9
DA:46,1
DA:47,1
DA:48,1
DA:49,1
DA:51,1
DA:53,8
DA:58,8
DA:59,8
DA:80,12
DA:81,12
DA:82,12
DA:83,11
DA:84,11
DA:85,11
DA:86,4
DA:87,4
DA:89,11
DA:90,17
DA:91,4
DA:92,4
DA:100,13
DA:102,13
DA:103,13
DA:104,13
DA:105,0
DA:107,13
DA:108,13
DA:109,2
DA:111,11
DA:112,1
DA:114,10
DA:115,0
DA:119,13
DA:120,13
DA:122,0
DA:123,0
DA:127,11
DA:128,11
DA:129,6
DA:131,11
DA:132,11
DA:134,1
DA:135,1
LF:66
LH:62
BRDA:15,0,0,0
BRDA:15,1,0,8
BRDA:19,2,0,19
BRDA:21,3,0,4
BRDA:21,3,1,15
BRDA:24,4,0,1
BRDA:24,4,1,14
BRDA:27,5,0,13
BRDA:38,6,0,4
BRDA:38,6,1,9
BRDA:40,7,0,2
BRDA:45,8,0,1
BRDA:45,8,1,8
BRDA:46,9,0,1
BRDA:76,10,0,6
BRDA:77,11,0,8
BRDA:78,12,0,8
BRDA:82,13,0,11
BRDA:85,14,0,4
BRDA:90,15,0,4
BRDA:90,15,1,13
BRDA:90,16,0,17
BRDA:90,16,1,17
BRDA:90,16,2,6
BRDA:100,17,0,0
BRDA:100,17,1,13
BRDA:100,18,0,13
BRDA:100,18,1,13
BRDA:100,18,2,0
BRDA:102,19,0,13
BRDA:102,19,1,0
BRDA:102,20,0,13
BRDA:102,20,1,13
BRDA:102,20,2,13
BRDA:103,21,0,7
BRDA:103,21,1,6
BRDA:103,22,0,13
BRDA:103,22,1,6
BRDA:104,23,0,0
BRDA:104,24,0,13
BRDA:104,24,1,0
BRDA:107,25,0,13
BRDA:107,25,1,0
BRDA:108,26,0,2
BRDA:108,26,1,11
BRDA:111,27,0,1
BRDA:111,27,1,10
BRDA:114,28,0,0
BRDA:128,29,0,6
BRDA:128,30,0,11
BRDA:128,30,1,7
BRF:51
BRH:43
end_of_record
TN:
SF:src/tools/utils.js
FN:17,sanitize
FN:37,lambert93toWGPS
FN:90,deepClone
FN:100,(anonymous_3)
FN:121,deepCompare
FN:128,(anonymous_5)
FN:150,(anonymous_6)
FNF:7
FNH:7
FNDA:1,sanitize
FNDA:2,lambert93toWGPS
FNDA:6,deepClone
FNDA:5,(anonymous_3)
FNDA:3,deepCompare
FNDA:1,(anonymous_5)
FNDA:1,(anonymous_6)
DA:4,2
DA:5,2
DA:6,2
DA:7,2
DA:8,2
DA:9,2
DA:18,1
DA:19,0
DA:21,1
DA:28,1
DA:38,2
DA:47,2
DA:48,2
DA:49,2
DA:50,2
DA:51,2
DA:52,2
DA:55,2
DA:58,2
DA:61,2
DA:64,2
DA:67,2
DA:70,2
DA:73,2
DA:74,2
DA:76,2
DA:77,2
DA:80,2
DA:91,6
DA:92,2
DA:94,4
DA:95,1
DA:97,3
DA:98,3
DA:99,3
DA:100,5
DA:102,3
DA:104,0
DA:122,3
DA:123,3
DA:124,3
DA:125,2
DA:126,2
DA:128,2
DA:130,1
DA:132,1
DA:133,1
DA:134,0
DA:135,0
DA:137,0
DA:138,0
DA:139,0
DA:140,0
DA:143,0
DA:144,0
DA:145,0
DA:146,0
DA:150,2
DA:152,1
DA:153,1
DA:154,1
DA:158,3
DA:159,1
DA:161,2
LF:64
LH:52
BRDA:17,0,0,1
BRDA:18,1,0,0
BRDA:91,2,0,2
BRDA:91,3,0,6
BRDA:91,3,1,5
BRDA:94,4,0,1
BRDA:97,5,0,3
BRDA:97,6,0,3
BRDA:97,6,1,0
BRDA:100,7,0,1
BRDA:100,7,1,4
BRDA:102,8,0,1
BRDA:102,8,1,2
BRDA:102,9,0,1
BRDA:102,9,1,1
BRDA:121,10,0,0
BRDA:124,11,0,2
BRDA:124,12,0,3
BRDA:124,12,1,2
BRDA:130,13,0,1
BRDA:130,13,1,0
BRDA:134,14,0,0
BRDA:135,15,0,0
BRDA:135,15,1,0
BRDA:135,16,0,0
BRDA:135,16,1,0
BRDA:138,17,0,0
BRDA:152,18,0,1
BRDA:152,19,0,1
BRDA:152,19,1,1
BRDA:158,20,0,1
BRF:31
BRH:21
end_of_record
